1617874098122	geckodriver	INFO	Listening on 127.0.0.1:57271
1617874098791	mozrunner::runner	INFO	Running command: "/Applications/Firefox.app/Contents/MacOS/firefox-bin" "--marionette" "-foreground" "-no-remote" "-profile" "/var/folders/4d/b2pm5p712j1fsv4x67rnh7780000gn/T/rust_mozprofilefza1Lz"
console.warn: SearchSettings: "get: No settings file exists, new profile?" (new Error("", "(unknown module)"))
1617874101756	Marionette	INFO	Listening on port 57283
1617874101842	Marionette	WARN	TLS certificate errors will be ignored for this session
1617874276239	geckodriver	INFO	Listening on 127.0.0.1:57414
1617874277259	mozrunner::runner	INFO	Running command: "/Applications/Firefox.app/Contents/MacOS/firefox-bin" "--marionette" "-foreground" "-no-remote" "-profile" "/var/folders/4d/b2pm5p712j1fsv4x67rnh7780000gn/T/rust_mozprofilenodrmY"
console.warn: SearchSettings: "get: No settings file exists, new profile?" (new Error("", "(unknown module)"))
1617874279935	Marionette	INFO	Listening on port 57425
1617874279980	Marionette	WARN	TLS certificate errors will be ignored for this session
1617874389215	geckodriver	INFO	Listening on 127.0.0.1:57608
1617874390237	mozrunner::runner	INFO	Running command: "/Applications/Firefox.app/Contents/MacOS/firefox-bin" "--marionette" "-foreground" "-no-remote" "-profile" "/var/folders/4d/b2pm5p712j1fsv4x67rnh7780000gn/T/rust_mozprofileGdSY50"
console.warn: SearchSettings: "get: No settings file exists, new profile?" (new Error("", "(unknown module)"))
1617874392923	Marionette	INFO	Listening on port 57615
1617874392961	Marionette	WARN	TLS certificate errors will be ignored for this session
console.log: WebExtensions: reset-default-search: No addons in our list are installed.
1617874691945	geckodriver	INFO	Listening on 127.0.0.1:57777
1617874692961	mozrunner::runner	INFO	Running command: "/Applications/Firefox.app/Contents/MacOS/firefox-bin" "--marionette" "-foreground" "-no-remote" "-profile" "/var/folders/4d/b2pm5p712j1fsv4x67rnh7780000gn/T/rust_mozprofileKqD4p9"
console.warn: SearchSettings: "get: No settings file exists, new profile?" (new Error("", "(unknown module)"))
1617874695708	Marionette	INFO	Listening on port 57784
1617874695782	Marionette	WARN	TLS certificate errors will be ignored for this session
console.log: WebExtensions: reset-default-search: No addons in our list are installed.
1617874790846	geckodriver	INFO	Listening on 127.0.0.1:57909
1617874790852	mozrunner::runner	INFO	Running command: "/Applications/Firefox.app/Contents/MacOS/firefox-bin" "--marionette" "-foreground" "-no-remote" "-profile" "/var/folders/4d/b2pm5p712j1fsv4x67rnh7780000gn/T/rust_mozprofilehLi5nS"
console.warn: SearchSettings: "get: No settings file exists, new profile?" (new Error("", "(unknown module)"))
1617874793513	Marionette	INFO	Listening on port 57914
1617874793580	Marionette	WARN	TLS certificate errors will be ignored for this session
1617874825669	Marionette	INFO	Stopped listening on port 57283
1617874827589	Marionette	INFO	Stopped listening on port 57425
1617874829989	Marionette	INFO	Stopped listening on port 57615
1617874833254	Marionette	INFO	Stopped listening on port 57784
1617874841679	Marionette	INFO	Stopped listening on port 57914
1617874867941	geckodriver	INFO	Listening on 127.0.0.1:58017
1617874867947	mozrunner::runner	INFO	Running command: "/Applications/Firefox.app/Contents/MacOS/firefox-bin" "--marionette" "-foreground" "-no-remote" "-profile" "/var/folders/4d/b2pm5p712j1fsv4x67rnh7780000gn/T/rust_mozprofileVXt2gP"
console.warn: SearchSettings: "get: No settings file exists, new profile?" (new Error("", "(unknown module)"))
1617874870409	Marionette	INFO	Listening on port 58022
1617874870461	Marionette	WARN	TLS certificate errors will be ignored for this session
1617874972363	geckodriver	INFO	Listening on 127.0.0.1:58141
1617874972370	mozrunner::runner	INFO	Running command: "/Applications/Firefox.app/Contents/MacOS/firefox-bin" "--marionette" "-foreground" "-no-remote" "-profile" "/var/folders/4d/b2pm5p712j1fsv4x67rnh7780000gn/T/rust_mozprofiletev3GM"
console.warn: SearchSettings: "get: No settings file exists, new profile?" (new Error("", "(unknown module)"))
1617874974813	Marionette	INFO	Listening on port 58146
1617874974866	Marionette	WARN	TLS certificate errors will be ignored for this session
console.log: WebExtensions: reset-default-search: No addons in our list are installed.
console.log: WebExtensions: reset-default-search: No addons in our list are installed.
1617880019263	geckodriver	INFO	Listening on 127.0.0.1:58813
1617880020284	mozrunner::runner	INFO	Running command: "/Applications/Firefox.app/Contents/MacOS/firefox-bin" "--marionette" "-foreground" "-no-remote" "-profile" "/var/folders/4d/b2pm5p712j1fsv4x67rnh7780000gn/T/rust_mozprofileKMn44X"
console.warn: SearchSettings: "get: No settings file exists, new profile?" (new Error("", "(unknown module)"))
1617880023020	Marionette	INFO	Listening on port 58820
1617880023106	Marionette	WARN	TLS certificate errors will be ignored for this session
1617880063561	Marionette	INFO	Stopped listening on port 58022
1617880066012	Marionette	INFO	Stopped listening on port 58146
1617880068482	Marionette	INFO	Stopped listening on port 58820

###!!! [Parent][RunMessage] Error: Channel closing: too late to send/recv, messages will be lost

1617880213971	geckodriver	INFO	Listening on 127.0.0.1:58999
1617880214989	mozrunner::runner	INFO	Running command: "/Applications/Firefox.app/Contents/MacOS/firefox-bin" "--marionette" "-headless" "-foreground" "-no-remote" "-profile" "/var/folders/4d/b2pm5p712j1fsv4x67rnh7780000gn/T/rust_mozprofilejaQagv"
*** You are running in headless mode.
console.warn: SearchSettings: "get: No settings file exists, new profile?" (new Error("", "(unknown module)"))
1617880217306	Marionette	INFO	Listening on port 59007
1617880217392	Marionette	WARN	TLS certificate errors will be ignored for this session
1617880235851	geckodriver	INFO	Listening on 127.0.0.1:59107
1617880235858	mozrunner::runner	INFO	Running command: "/Applications/Firefox.app/Contents/MacOS/firefox-bin" "--marionette" "-headless" "-foreground" "-no-remote" "-profile" "/var/folders/4d/b2pm5p712j1fsv4x67rnh7780000gn/T/rust_mozprofileT4JPeU"
*** You are running in headless mode.
console.warn: SearchSettings: "get: No settings file exists, new profile?" (new Error("", "(unknown module)"))
1617880238163	Marionette	INFO	Listening on port 59112
1617880238270	Marionette	WARN	TLS certificate errors will be ignored for this session
1617880435365	geckodriver	INFO	Listening on 127.0.0.1:59284
1617880436389	mozrunner::runner	INFO	Running command: "/Applications/Firefox.app/Contents/MacOS/firefox-bin" "--marionette" "-headless" "-foreground" "-no-remote" "-profile" "/var/folders/4d/b2pm5p712j1fsv4x67rnh7780000gn/T/rust_mozprofiledhgsq0"
*** You are running in headless mode.
console.warn: SearchSettings: "get: No settings file exists, new profile?" (new Error("", "(unknown module)"))
1617880438700	Marionette	INFO	Listening on port 59291
1617880438799	Marionette	WARN	TLS certificate errors will be ignored for this session
JavaScript error: https://static.tacdn.com/assets/ANe_04.238d4fa1.js, line 1: SecurityError: The operation is insecure.
JavaScript error: https://static.tacdn.com/assets/ANe_04.238d4fa1.js, line 1: SecurityError: The operation is insecure.
1617880460576	geckodriver	INFO	Listening on 127.0.0.1:59387
1617880461603	mozrunner::runner	INFO	Running command: "/Applications/Firefox.app/Contents/MacOS/firefox-bin" "--marionette" "-foreground" "-no-remote" "-profile" "/var/folders/4d/b2pm5p712j1fsv4x67rnh7780000gn/T/rust_mozprofilex9RnpX"
console.warn: SearchSettings: "get: No settings file exists, new profile?" (new Error("", "(unknown module)"))
1617880464025	Marionette	INFO	Listening on port 59394
1617880464117	Marionette	WARN	TLS certificate errors will be ignored for this session
JavaScript error: https://static.tacdn.com/assets/ANe_04.238d4fa1.js, line 1: SecurityError: The operation is insecure.
JavaScript error: https://static.tacdn.com/assets/ANe_04.238d4fa1.js, line 1: SecurityError: The operation is insecure.
JavaScript error: https://static.tacdn.com/assets/ANe_04.238d4fa1.js, line 1: SecurityError: The operation is insecure.
1617880517259	Marionette	INFO	Stopped listening on port 59394

###!!! [Parent][RunMessage] Error: Channel closing: too late to send/recv, messages will be lost

1617880533413	geckodriver	INFO	Listening on 127.0.0.1:59521
1617880534431	mozrunner::runner	INFO	Running command: "/Applications/Firefox.app/Contents/MacOS/firefox-bin" "--marionette" "-foreground" "-no-remote" "-profile" "/var/folders/4d/b2pm5p712j1fsv4x67rnh7780000gn/T/rust_mozprofile2X2h77"
console.warn: SearchSettings: "get: No settings file exists, new profile?" (new Error("", "(unknown module)"))
1617880537159	Marionette	INFO	Listening on port 59528
1617880537249	Marionette	WARN	TLS certificate errors will be ignored for this session
JavaScript error: https://static.tacdn.com/assets/ANe_04.238d4fa1.js, line 1: SecurityError: The operation is insecure.
JavaScript error: https://static.tacdn.com/assets/ANe_04.238d4fa1.js, line 1: SecurityError: The operation is insecure.
JavaScript error: https://static.tacdn.com/assets/ANe_04.238d4fa1.js, line 1: SecurityError: The operation is insecure.
console.log: WebExtensions: reset-default-search: No addons in our list are installed.
console.log: WebExtensions: reset-default-search: No addons in our list are installed.
console.log: WebExtensions: reset-default-search: No addons in our list are installed.
console.log: WebExtensions: reset-default-search: No addons in our list are installed.
1617889127206	geckodriver	INFO	Listening on 127.0.0.1:61462
1617889128225	mozrunner::runner	INFO	Running command: "/Applications/Firefox.app/Contents/MacOS/firefox-bin" "--marionette" "-headless" "-foreground" "-no-remote" "-profile" "/var/folders/4d/b2pm5p712j1fsv4x67rnh7780000gn/T/rust_mozprofilenkKTwe"
*** You are running in headless mode.
console.warn: SearchSettings: "get: No settings file exists, new profile?" (new Error("", "(unknown module)"))
1617889130435	Marionette	INFO	Listening on port 61469
1617889130536	Marionette	WARN	TLS certificate errors will be ignored for this session
1617889151477	geckodriver	INFO	Listening on 127.0.0.1:61574
1617889152495	mozrunner::runner	INFO	Running command: "/Applications/Firefox.app/Contents/MacOS/firefox-bin" "--marionette" "-headless" "-foreground" "-no-remote" "-profile" "/var/folders/4d/b2pm5p712j1fsv4x67rnh7780000gn/T/rust_mozprofileGh4oTV"
*** You are running in headless mode.
console.warn: SearchSettings: "get: No settings file exists, new profile?" (new Error("", "(unknown module)"))
1617889155030	Marionette	INFO	Listening on port 61581
1617889155109	Marionette	WARN	TLS certificate errors will be ignored for this session
1617889289314	geckodriver	INFO	Listening on 127.0.0.1:61705
1617889290335	mozrunner::runner	INFO	Running command: "/Applications/Firefox.app/Contents/MacOS/firefox-bin" "--marionette" "-headless" "-foreground" "-no-remote" "-profile" "/var/folders/4d/b2pm5p712j1fsv4x67rnh7780000gn/T/rust_mozprofilekmz0oa"
*** You are running in headless mode.
console.warn: SearchSettings: "get: No settings file exists, new profile?" (new Error("", "(unknown module)"))
1617889292674	Marionette	INFO	Listening on port 61712
1617889292745	Marionette	WARN	TLS certificate errors will be ignored for this session
console.log: WebExtensions: reset-default-search: No addons in our list are installed.
console.log: WebExtensions: reset-default-search: No addons in our list are installed.
console.log: WebExtensions: reset-default-search: No addons in our list are installed.
1617890108104	geckodriver	INFO	Listening on 127.0.0.1:61998
1617890109119	mozrunner::runner	INFO	Running command: "/Applications/Firefox.app/Contents/MacOS/firefox-bin" "--marionette" "-headless" "-foreground" "-no-remote" "-profile" "/var/folders/4d/b2pm5p712j1fsv4x67rnh7780000gn/T/rust_mozprofileBlABDZ"
*** You are running in headless mode.
console.warn: SearchSettings: "get: No settings file exists, new profile?" (new Error("", "(unknown module)"))
1617890111854	Marionette	INFO	Listening on port 62005
1617890111946	Marionette	WARN	TLS certificate errors will be ignored for this session
1617890140893	geckodriver	INFO	Listening on 127.0.0.1:62120
1617890140899	mozrunner::runner	INFO	Running command: "/Applications/Firefox.app/Contents/MacOS/firefox-bin" "--marionette" "-foreground" "-no-remote" "-profile" "/var/folders/4d/b2pm5p712j1fsv4x67rnh7780000gn/T/rust_mozprofileQB3yON"
console.warn: SearchSettings: "get: No settings file exists, new profile?" (new Error("", "(unknown module)"))
1617890143361	Marionette	INFO	Listening on port 62125
1617890143402	Marionette	WARN	TLS certificate errors will be ignored for this session
console.error: (new TypeError("parent is null", "resource://devtools/client/inspector/shared/style-change-tracker.js", 67))
TypeError: parent is null: canMutationImpactCurrentStyles@resource://devtools/client/inspector/shared/style-change-tracker.js:67:24
onMutations@resource://devtools/client/inspector/shared/style-change-tracker.js:84:41
_emit@resource://devtools/shared/event-emitter.js:226:34
emit@resource://devtools/shared/event-emitter.js:172:18
emit@resource://devtools/shared/event-emitter.js:324:18
getMutations@resource://devtools/client/fronts/walker.js:358:10

console.error: (new TypeError("container.node.targetFront is null", "resource://devtools/client/inspector/markup/markup.js", 2307))
JavaScript error: resource://gre/actors/ControllersChild.jsm, line 30: NS_ERROR_FAILURE: Component returned failure code: 0x80004005 (NS_ERROR_FAILURE) [nsIDocShell.doCommandWithParams]
1617890365792	geckodriver	INFO	Listening on 127.0.0.1:62269
1617890366807	mozrunner::runner	INFO	Running command: "/Applications/Firefox.app/Contents/MacOS/firefox-bin" "--marionette" "-foreground" "-no-remote" "-profile" "/var/folders/4d/b2pm5p712j1fsv4x67rnh7780000gn/T/rust_mozprofilev4ws1N"
console.warn: SearchSettings: "get: No settings file exists, new profile?" (new Error("", "(unknown module)"))
1617890369357	Marionette	INFO	Listening on port 62277
1617890369428	Marionette	WARN	TLS certificate errors will be ignored for this session
console.error: (new TypeError("parent is null", "resource://devtools/client/inspector/shared/style-change-tracker.js", 67))
TypeError: parent is null: canMutationImpactCurrentStyles@resource://devtools/client/inspector/shared/style-change-tracker.js:67:24
onMutations@resource://devtools/client/inspector/shared/style-change-tracker.js:84:41
_emit@resource://devtools/shared/event-emitter.js:226:34
emit@resource://devtools/shared/event-emitter.js:172:18
emit@resource://devtools/shared/event-emitter.js:324:18
getMutations@resource://devtools/client/fronts/walker.js:358:10

console.error: (new TypeError("container.node.targetFront is null", "resource://devtools/client/inspector/markup/markup.js", 2307))
1617890390980	Marionette	INFO	Stopped listening on port 62125

###!!! [Parent][RunMessage] Error: Channel closing: too late to send/recv, messages will be lost

1617890393526	Marionette	INFO	Stopped listening on port 59528

###!!! [Parent][RunMessage] Error: Channel closing: too late to send/recv, messages will be lost

1617890397653	Marionette	INFO	Stopped listening on port 62277
1617890451974	geckodriver	INFO	Listening on 127.0.0.1:62387
1617890452993	mozrunner::runner	INFO	Running command: "/Applications/Firefox.app/Contents/MacOS/firefox-bin" "--marionette" "-foreground" "-no-remote" "-profile" "/var/folders/4d/b2pm5p712j1fsv4x67rnh7780000gn/T/rust_mozprofileaXA1ud"
console.warn: SearchSettings: "get: No settings file exists, new profile?" (new Error("", "(unknown module)"))
1617890455285	Marionette	INFO	Listening on port 62395
1617890455397	Marionette	WARN	TLS certificate errors will be ignored for this session
1617890467028	Marionette	INFO	Stopped listening on port 62395
1617890502182	geckodriver	INFO	Listening on 127.0.0.1:62583
1617890502189	mozrunner::runner	INFO	Running command: "/Applications/Firefox.app/Contents/MacOS/firefox-bin" "--marionette" "-foreground" "-no-remote" "-profile" "/var/folders/4d/b2pm5p712j1fsv4x67rnh7780000gn/T/rust_mozprofileJqWvnO"
console.warn: SearchSettings: "get: No settings file exists, new profile?" (new Error("", "(unknown module)"))
1617890504513	Marionette	INFO	Listening on port 62588
1617890504589	Marionette	WARN	TLS certificate errors will be ignored for this session
1617890516326	Marionette	INFO	Stopped listening on port 62588
JavaScript error: https://www.tripadvisor.com/Restaurants-g187197-Angers_Maine_et_Loire_Pays_de_la_Loire.html, line 4019: NetworkError: A network error occurred.
IPDL protocol error: Handler returned error code!

###!!! [Parent][DispatchAsyncMessage] Error: PLayerTransaction::Msg_ReleaseLayer Processing error: message was deserialized, but the handler returned false (indicating failure)

1617890524125	geckodriver	INFO	Listening on 127.0.0.1:62752
1617890524133	mozrunner::runner	INFO	Running command: "/Applications/Firefox.app/Contents/MacOS/firefox-bin" "--marionette" "-foreground" "-no-remote" "-profile" "/var/folders/4d/b2pm5p712j1fsv4x67rnh7780000gn/T/rust_mozprofileDZQESi"
console.warn: SearchSettings: "get: No settings file exists, new profile?" (new Error("", "(unknown module)"))
1617890526524	Marionette	INFO	Listening on port 62757
1617890526626	Marionette	WARN	TLS certificate errors will be ignored for this session
1617890540562	Marionette	INFO	Stopped listening on port 62757

###!!! [Parent][RunMessage] Error: Channel closing: too late to send/recv, messages will be lost

1617890559407	geckodriver	INFO	Listening on 127.0.0.1:63001
1617890559414	mozrunner::runner	INFO	Running command: "/Applications/Firefox.app/Contents/MacOS/firefox-bin" "--marionette" "-foreground" "-no-remote" "-profile" "/var/folders/4d/b2pm5p712j1fsv4x67rnh7780000gn/T/rust_mozprofileoOgVVy"
console.warn: SearchSettings: "get: No settings file exists, new profile?" (new Error("", "(unknown module)"))
1617890561911	Marionette	INFO	Listening on port 63006
1617890562013	Marionette	WARN	TLS certificate errors will be ignored for this session
1617890573384	Marionette	INFO	Stopped listening on port 63006
JavaScript error: https://www.tripadvisor.com/Restaurants-g187197-Angers_Maine_et_Loire_Pays_de_la_Loire.html, line 4019: NetworkError: A network error occurred.
IPDL protocol error: Handler returned error code!

###!!! [Parent][DispatchAsyncMessage] Error: PLayerTransaction::Msg_ReleaseLayer Processing error: message was deserialized, but the handler returned false (indicating failure)

JavaScript error: resource://gre/modules/Sqlite.jsm, line 1030: Error: Sqlite.jsm has been shutdown. Cannot open connection to: /var/folders/4d/b2pm5p712j1fsv4x67rnh7780000gn/T/rust_mozprofileoOgVVy/protections.sqlite
1617890596074	geckodriver	INFO	Listening on 127.0.0.1:63174
1617890596080	mozrunner::runner	INFO	Running command: "/Applications/Firefox.app/Contents/MacOS/firefox-bin" "--marionette" "-foreground" "-no-remote" "-profile" "/var/folders/4d/b2pm5p712j1fsv4x67rnh7780000gn/T/rust_mozprofileG2NYpx"
console.warn: SearchSettings: "get: No settings file exists, new profile?" (new Error("", "(unknown module)"))
1617890598394	Marionette	INFO	Listening on port 63179
1617890598482	Marionette	WARN	TLS certificate errors will be ignored for this session
1617890613508	Marionette	INFO	Stopped listening on port 63179

###!!! [Parent][RunMessage] Error: Channel closing: too late to send/recv, messages will be lost

console.log: WebExtensions: reset-default-search: No addons in our list are installed.
1617890679045	geckodriver	INFO	Listening on 127.0.0.1:63384
1617890679053	mozrunner::runner	INFO	Running command: "/Applications/Firefox.app/Contents/MacOS/firefox-bin" "--marionette" "-foreground" "-no-remote" "-profile" "/var/folders/4d/b2pm5p712j1fsv4x67rnh7780000gn/T/rust_mozprofileQ8Lg9o"
console.warn: SearchSettings: "get: No settings file exists, new profile?" (new Error("", "(unknown module)"))
1617890681398	Marionette	INFO	Listening on port 63389
1617890681471	Marionette	WARN	TLS certificate errors will be ignored for this session
1617890695124	Marionette	INFO	Stopped listening on port 63389
JavaScript error: resource://gre/modules/AsyncShutdown.jsm, line 575: NotFoundError: No such JSWindowActor 'MarionetteEvents'
JavaScript error: resource://gre/modules/AsyncShutdown.jsm, line 575: NotFoundError: No such JSWindowActor 'MarionetteEvents'
1617890731093	geckodriver	INFO	Listening on 127.0.0.1:63601
1617890731099	mozrunner::runner	INFO	Running command: "/Applications/Firefox.app/Contents/MacOS/firefox-bin" "--marionette" "-foreground" "-no-remote" "-profile" "/var/folders/4d/b2pm5p712j1fsv4x67rnh7780000gn/T/rust_mozprofilekFgSHe"
console.warn: SearchSettings: "get: No settings file exists, new profile?" (new Error("", "(unknown module)"))
1617890733475	Marionette	INFO	Listening on port 63606
1617890733496	Marionette	WARN	TLS certificate errors will be ignored for this session
1617890748767	Marionette	INFO	Stopped listening on port 63606
1617891149323	geckodriver	INFO	Listening on 127.0.0.1:63872
1617891150345	mozrunner::runner	INFO	Running command: "/Applications/Firefox.app/Contents/MacOS/firefox-bin" "--marionette" "-foreground" "-no-remote" "-profile" "/var/folders/4d/b2pm5p712j1fsv4x67rnh7780000gn/T/rust_mozprofileQS6EXB"
console.warn: SearchSettings: "get: No settings file exists, new profile?" (new Error("", "(unknown module)"))
1617891152882	Marionette	INFO	Listening on port 63879
1617891152960	Marionette	WARN	TLS certificate errors will be ignored for this session
1617891206820	geckodriver	INFO	Listening on 127.0.0.1:64068
1617891206827	mozrunner::runner	INFO	Running command: "/Applications/Firefox.app/Contents/MacOS/firefox-bin" "--marionette" "-foreground" "-no-remote" "-profile" "/var/folders/4d/b2pm5p712j1fsv4x67rnh7780000gn/T/rust_mozprofiletgB9mu"
console.warn: SearchSettings: "get: No settings file exists, new profile?" (new Error("", "(unknown module)"))
1617891209173	Marionette	INFO	Listening on port 64073
1617891209231	Marionette	WARN	TLS certificate errors will be ignored for this session
1617891397356	geckodriver	INFO	Listening on 127.0.0.1:64310
1617891398373	mozrunner::runner	INFO	Running command: "/Applications/Firefox.app/Contents/MacOS/firefox-bin" "--marionette" "-foreground" "-no-remote" "-profile" "/var/folders/4d/b2pm5p712j1fsv4x67rnh7780000gn/T/rust_mozprofileyitDap"
console.warn: SearchSettings: "get: No settings file exists, new profile?" (new Error("", "(unknown module)"))
1617891400816	Marionette	INFO	Listening on port 64317
1617891400882	Marionette	WARN	TLS certificate errors will be ignored for this session
1617891415198	Marionette	INFO	Stopped listening on port 64317
1617891440017	geckodriver	INFO	Listening on 127.0.0.1:64525
1617891440024	mozrunner::runner	INFO	Running command: "/Applications/Firefox.app/Contents/MacOS/firefox-bin" "--marionette" "-headless" "-foreground" "-no-remote" "-profile" "/var/folders/4d/b2pm5p712j1fsv4x67rnh7780000gn/T/rust_mozprofileogB0up"
*** You are running in headless mode.
console.warn: SearchSettings: "get: No settings file exists, new profile?" (new Error("", "(unknown module)"))
1617891442319	Marionette	INFO	Listening on port 64530
1617891442433	Marionette	WARN	TLS certificate errors will be ignored for this session
JavaScript warning: https://pagead2.googlesyndication.com/bg/DE6_jZsYe42TxIvZMyCjeDFY2mBt4gt7GQO59cBhhbM.js line 1 > eval line 6834 > eval, line 1: Failed to create WebGL context: WebGL creation failed: 
* Can't use WebGL in headless mode (https://bugzil.la/1375585).
JavaScript warning: https://z.moatads.com/havasfrorangedcmdisplay758646212611/moatad.js#moatClientLevel1=25617790&moatClientLevel2=4440622&moatClientLevel3=300542005&moatClientLevel4=148874878&zMoatADV=8364841&zMoatDBMCampID=48613285&zMoatDBMIOID=19185417&zMoatDBMCreaID=343248913&zMoatDBM_PUB=1, line 268: Failed to create WebGL context: WebGL creation failed: 
* Can't use WebGL in headless mode (https://bugzil.la/1375585).
JavaScript warning: https://z.moatads.com/havasfrorangedcmdisplay758646212611/moatad.js#moatClientLevel1=25617790&moatClientLevel2=4440622&moatClientLevel3=300542005&moatClientLevel4=148874878&zMoatADV=8364841&zMoatDBMCampID=48613285&zMoatDBMIOID=19185417&zMoatDBMCreaID=343248913&zMoatDBM_PUB=1, line 268: Failed to create WebGL context: WebGL creation failed: 
* Can't use WebGL in headless mode (https://bugzil.la/1375585).
JavaScript warning: https://pagead2.googlesyndication.com/bg/DE6_jZsYe42TxIvZMyCjeDFY2mBt4gt7GQO59cBhhbM.js line 1 > eval line 1261 > eval line 1 > eval, line 1: Failed to create WebGL context: WebGL creation failed: 
* Can't use WebGL in headless mode (https://bugzil.la/1375585).
JavaScript warning: https://pagead2.googlesyndication.com/bg/DE6_jZsYe42TxIvZMyCjeDFY2mBt4gt7GQO59cBhhbM.js line 1 > eval line 1036 > eval line 1 > eval, line 1: Failed to create WebGL context: WebGL creation failed: 
* Can't use WebGL in headless mode (https://bugzil.la/1375585).
JavaScript warning: https://z.moatads.com/havasfrorangedcmdisplay758646212611/moatad.js#moatClientLevel1=25664418&moatClientLevel2=4440622&moatClientLevel3=299938291&moatClientLevel4=148447070&zMoatADV=8364118&zMoatDBMCampID=48628388&zMoatDBMIOID=19177059&zMoatDBMCreaID=340989722&zMoatDBM_PUB=1, line 268: Failed to create WebGL context: WebGL creation failed: 
* Can't use WebGL in headless mode (https://bugzil.la/1375585).
JavaScript warning: https://z.moatads.com/havasfrorangedcmdisplay758646212611/moatad.js#moatClientLevel1=25664418&moatClientLevel2=4440622&moatClientLevel3=299938291&moatClientLevel4=148447070&zMoatADV=8364118&zMoatDBMCampID=48628388&zMoatDBMIOID=19177059&zMoatDBMCreaID=340989722&zMoatDBM_PUB=1, line 268: Failed to create WebGL context: WebGL creation failed: 
* Can't use WebGL in headless mode (https://bugzil.la/1375585).
1617891455820	Marionette	INFO	Stopped listening on port 64530
JavaScript error: , line 0: uncaught exception: undefined

###!!! [Child][MessageChannel] Error: (msgtype=0x5C0009,name=PHttpChannel::Msg_DeletingChannel) Channel closing: too late to send/recv, messages will be lost


###!!! [Child][RunMessage] Error: Channel closing: too late to send/recv, messages will be lost


###!!! [Child][RunMessage] Error: Channel closing: too late to send/recv, messages will be lost


###!!! [Child][RunMessage] Error: Channel closing: too late to send/recv, messages will be lost


###!!! [Child][RunMessage] Error: Channel closing: too late to send/recv, messages will be lost


###!!! [Child][RunMessage] Error: Channel closing: too late to send/recv, messages will be lost


###!!! [Child][RunMessage] Error: Channel closing: too late to send/recv, messages will be lost


###!!! [Child][RunMessage] Error: Channel closing: too late to send/recv, messages will be lost


###!!! [Child][RunMessage] Error: Channel closing: too late to send/recv, messages will be lost


###!!! [Child][RunMessage] Error: Channel closing: too late to send/recv, messages will be lost


###!!! [Child][RunMessage] Error: Channel closing: too late to send/recv, messages will be lost


###!!! [Child][RunMessage] Error: Channel closing: too late to send/recv, messages will be lost


###!!! [Child][RunMessage] Error: Channel closing: too late to send/recv, messages will be lost


###!!! [Child][RunMessage] Error: Channel closing: too late to send/recv, messages will be lost


###!!! [Child][RunMessage] Error: Channel closing: too late to send/recv, messages will be lost


###!!! [Child][RunMessage] Error: Channel closing: too late to send/recv, messages will be lost


###!!! [Child][RunMessage] Error: Channel closing: too late to send/recv, messages will be lost


###!!! [Child][RunMessage] Error: Channel closing: too late to send/recv, messages will be lost


###!!! [Child][RunMessage] Error: Channel closing: too late to send/recv, messages will be lost


###!!! [Child][RunMessage] Error: Channel closing: too late to send/recv, messages will be lost


###!!! [Child][RunMessage] Error: Channel closing: too late to send/recv, messages will be lost


###!!! [Child][RunMessage] Error: Channel closing: too late to send/recv, messages will be lost


###!!! [Child][RunMessage] Error: Channel closing: too late to send/recv, messages will be lost


###!!! [Child][RunMessage] Error: Channel closing: too late to send/recv, messages will be lost


###!!! [Child][RunMessage] Error: Channel closing: too late to send/recv, messages will be lost


###!!! [Child][RunMessage] Error: Channel closing: too late to send/recv, messages will be lost


###!!! [Child][RunMessage] Error: Channel closing: too late to send/recv, messages will be lost


###!!! [Child][RunMessage] Error: Channel closing: too late to send/recv, messages will be lost


###!!! [Child][RunMessage] Error: Channel closing: too late to send/recv, messages will be lost


###!!! [Child][RunMessage] Error: Channel closing: too late to send/recv, messages will be lost


###!!! [Child][RunMessage] Error: Channel closing: too late to send/recv, messages will be lost


###!!! [Child][RunMessage] Error: Channel closing: too late to send/recv, messages will be lost


###!!! [Child][RunMessage] Error: Channel closing: too late to send/recv, messages will be lost


###!!! [Child][RunMessage] Error: Channel closing: too late to send/recv, messages will be lost


###!!! [Child][RunMessage] Error: Channel closing: too late to send/recv, messages will be lost


###!!! [Child][RunMessage] Error: Channel closing: too late to send/recv, messages will be lost


###!!! [Child][RunMessage] Error: Channel closing: too late to send/recv, messages will be lost


###!!! [Child][RunMessage] Error: Channel closing: too late to send/recv, messages will be lost


###!!! [Child][RunMessage] Error: Channel closing: too late to send/recv, messages will be lost


###!!! [Child][RunMessage] Error: Channel closing: too late to send/recv, messages will be lost


###!!! [Child][RunMessage] Error: Channel closing: too late to send/recv, messages will be lost


###!!! [Child][RunMessage] Error: Channel closing: too late to send/recv, messages will be lost

1617891617137	geckodriver	INFO	Listening on 127.0.0.1:64761
1617891617145	mozrunner::runner	INFO	Running command: "/Applications/Firefox.app/Contents/MacOS/firefox-bin" "--marionette" "-headless" "-foreground" "-no-remote" "-profile" "/var/folders/4d/b2pm5p712j1fsv4x67rnh7780000gn/T/rust_mozprofiledXyNkZ"
*** You are running in headless mode.
console.warn: SearchSettings: "get: No settings file exists, new profile?" (new Error("", "(unknown module)"))
1617891619361	Marionette	INFO	Listening on port 64766
1617891619451	Marionette	WARN	TLS certificate errors will be ignored for this session
JavaScript warning: https://z.moatads.com/havasfrorangedcmdisplay758646212611/moatad.js#moatClientLevel1=25703865&moatClientLevel2=4440622&moatClientLevel3=300263876&moatClientLevel4=148818559&zMoatADV=8364571&zMoatDBMCampID=48613285&zMoatDBMIOID=19185417&zMoatDBMCreaID=343020675&zMoatDBM_PUB=1, line 268: Failed to create WebGL context: WebGL creation failed: 
* Can't use WebGL in headless mode (https://bugzil.la/1375585).
JavaScript warning: https://z.moatads.com/havasfrorangedcmdisplay758646212611/moatad.js#moatClientLevel1=25703865&moatClientLevel2=4440622&moatClientLevel3=300263876&moatClientLevel4=148818559&zMoatADV=8364571&zMoatDBMCampID=48613285&zMoatDBMIOID=19185417&zMoatDBMCreaID=343020675&zMoatDBM_PUB=1, line 268: Failed to create WebGL context: WebGL creation failed: 
* Can't use WebGL in headless mode (https://bugzil.la/1375585).
JavaScript warning: https://pagead2.googlesyndication.com/bg/DE6_jZsYe42TxIvZMyCjeDFY2mBt4gt7GQO59cBhhbM.js line 1 > eval line 5532 > eval line 1 > eval, line 1: Failed to create WebGL context: WebGL creation failed: 
* Can't use WebGL in headless mode (https://bugzil.la/1375585).
JavaScript warning: https://pagead2.googlesyndication.com/bg/rg7ZOtwj_KsF30rM_Y0_DmvJrp5jy6rfjTYWIxfvKAc.js line 1 > eval line 2998 > eval line 1 > eval, line 1: Failed to create WebGL context: WebGL creation failed: 
* Can't use WebGL in headless mode (https://bugzil.la/1375585).
1617891658961	geckodriver	INFO	Listening on 127.0.0.1:64960
1617891658967	mozrunner::runner	INFO	Running command: "/Applications/Firefox.app/Contents/MacOS/firefox-bin" "--marionette" "-headless" "-foreground" "-no-remote" "-profile" "/var/folders/4d/b2pm5p712j1fsv4x67rnh7780000gn/T/rust_mozprofileATU3cc"
*** You are running in headless mode.
console.warn: SearchSettings: "get: No settings file exists, new profile?" (new Error("", "(unknown module)"))
console.log: WebExtensions: reset-default-search: No addons in our list are installed.
1617891661285	Marionette	INFO	Listening on port 64965
1617891661354	Marionette	WARN	TLS certificate errors will be ignored for this session
JavaScript warning: https://z.moatads.com/havasfrorangedcmdisplay758646212611/moatad.js#moatClientLevel1=25702950&moatClientLevel2=4440622&moatClientLevel3=300457465&moatClientLevel4=148901685&zMoatADV=8364571&zMoatDBMCampID=48613285&zMoatDBMIOID=19185417&zMoatDBMCreaID=343008242&zMoatDBM_PUB=1, line 268: Failed to create WebGL context: WebGL creation failed: 
* Can't use WebGL in headless mode (https://bugzil.la/1375585).
JavaScript warning: https://z.moatads.com/havasfrorangedcmdisplay758646212611/moatad.js#moatClientLevel1=25702950&moatClientLevel2=4440622&moatClientLevel3=300457465&moatClientLevel4=148901685&zMoatADV=8364571&zMoatDBMCampID=48613285&zMoatDBMIOID=19185417&zMoatDBMCreaID=343008242&zMoatDBM_PUB=1, line 268: Failed to create WebGL context: WebGL creation failed: 
* Can't use WebGL in headless mode (https://bugzil.la/1375585).
JavaScript warning: https://pagead2.googlesyndication.com/bg/DE6_jZsYe42TxIvZMyCjeDFY2mBt4gt7GQO59cBhhbM.js line 1 > eval line 5633 > eval line 1 > eval, line 1: Failed to create WebGL context: WebGL creation failed: 
* Can't use WebGL in headless mode (https://bugzil.la/1375585).
JavaScript warning: https://pagead2.googlesyndication.com/bg/rg7ZOtwj_KsF30rM_Y0_DmvJrp5jy6rfjTYWIxfvKAc.js line 1 > eval line 1511 > eval line 1 > eval, line 1: Failed to create WebGL context: WebGL creation failed: 
* Can't use WebGL in headless mode (https://bugzil.la/1375585).
console.log: WebExtensions: reset-default-search: No addons in our list are installed.
1617891720014	geckodriver	INFO	Listening on 127.0.0.1:65171
1617891721033	mozrunner::runner	INFO	Running command: "/Applications/Firefox.app/Contents/MacOS/firefox-bin" "--marionette" "-foreground" "-no-remote" "-profile" "/var/folders/4d/b2pm5p712j1fsv4x67rnh7780000gn/T/rust_mozprofileTbDgJU"
console.warn: SearchSettings: "get: No settings file exists, new profile?" (new Error("", "(unknown module)"))
1617891723655	Marionette	INFO	Listening on port 65182
1617891723741	Marionette	WARN	TLS certificate errors will be ignored for this session
1617891735584	Marionette	INFO	Stopped listening on port 65182
console.error: services.settings: 
  Message: TypeError: NetworkError when attempting to fetch resource.
1617897312335	Marionette	INFO	Stopped listening on port 63879
1617897315577	Marionette	INFO	Stopped listening on port 64073
1617897327651	geckodriver	INFO	Listening on 127.0.0.1:49243
1617897328672	mozrunner::runner	INFO	Running command: "/Applications/Firefox.app/Contents/MacOS/firefox-bin" "--marionette" "-foreground" "-no-remote" "-profile" "/var/folders/4d/b2pm5p712j1fsv4x67rnh7780000gn/T/rust_mozprofileg3SNBy"
console.warn: SearchSettings: "get: No settings file exists, new profile?" (new Error("", "(unknown module)"))
1617897331103	Marionette	INFO	Listening on port 49250
1617897331179	Marionette	WARN	TLS certificate errors will be ignored for this session
console.log: WebExtensions: reset-default-search: No addons in our list are installed.
1617897344382	Marionette	INFO	Stopped listening on port 49250
JavaScript error: https://tpc.googlesyndication.com/sodar/sodar2.js, line 25: NotFoundError: Node.removeChild: The node to be removed is not a child of this node

###!!! [Parent][RunMessage] Error: Channel closing: too late to send/recv, messages will be lost

console.log: WebExtensions: reset-default-search: No addons in our list are installed.
1617897413610	geckodriver	INFO	Listening on 127.0.0.1:49445
1617897413616	mozrunner::runner	INFO	Running command: "/Applications/Firefox.app/Contents/MacOS/firefox-bin" "--marionette" "-foreground" "-no-remote" "-profile" "/var/folders/4d/b2pm5p712j1fsv4x67rnh7780000gn/T/rust_mozprofile3gwaCt"
console.warn: SearchSettings: "get: No settings file exists, new profile?" (new Error("", "(unknown module)"))
1617897415944	Marionette	INFO	Listening on port 49450
1617897416019	Marionette	WARN	TLS certificate errors will be ignored for this session
1617897429866	Marionette	INFO	Stopped listening on port 49450
1617897472298	geckodriver	INFO	Listening on 127.0.0.1:49652
1617897472305	mozrunner::runner	INFO	Running command: "/Applications/Firefox.app/Contents/MacOS/firefox-bin" "--marionette" "-foreground" "-no-remote" "-profile" "/var/folders/4d/b2pm5p712j1fsv4x67rnh7780000gn/T/rust_mozprofilechpAVD"
console.warn: SearchSettings: "get: No settings file exists, new profile?" (new Error("", "(unknown module)"))
1617897474647	Marionette	INFO	Listening on port 49657
1617897474702	Marionette	WARN	TLS certificate errors will be ignored for this session
1617897488171	Marionette	INFO	Stopped listening on port 49657

###!!! [Parent][RunMessage] Error: Channel closing: too late to send/recv, messages will be lost

1617897636401	geckodriver	INFO	Listening on 127.0.0.1:49863
1617897636407	mozrunner::runner	INFO	Running command: "/Applications/Firefox.app/Contents/MacOS/firefox-bin" "--marionette" "-foreground" "-no-remote" "-profile" "/var/folders/4d/b2pm5p712j1fsv4x67rnh7780000gn/T/rust_mozprofileWC8bin"
console.warn: SearchSettings: "get: No settings file exists, new profile?" (new Error("", "(unknown module)"))
1617897638775	Marionette	INFO	Listening on port 49868
1617897638803	Marionette	WARN	TLS certificate errors will be ignored for this session
1617897795294	geckodriver	INFO	Listening on 127.0.0.1:50078
1617897796310	mozrunner::runner	INFO	Running command: "/Applications/Firefox.app/Contents/MacOS/firefox-bin" "--marionette" "-foreground" "-no-remote" "-profile" "/var/folders/4d/b2pm5p712j1fsv4x67rnh7780000gn/T/rust_mozprofilev2gPKw"
console.warn: SearchSettings: "get: No settings file exists, new profile?" (new Error("", "(unknown module)"))
1617897798864	Marionette	INFO	Listening on port 50085
1617897798928	Marionette	WARN	TLS certificate errors will be ignored for this session
1617897846007	geckodriver	INFO	Listening on 127.0.0.1:50284
1617897846013	mozrunner::runner	INFO	Running command: "/Applications/Firefox.app/Contents/MacOS/firefox-bin" "--marionette" "-foreground" "-no-remote" "-profile" "/var/folders/4d/b2pm5p712j1fsv4x67rnh7780000gn/T/rust_mozprofile8T0rng"
console.warn: SearchSettings: "get: No settings file exists, new profile?" (new Error("", "(unknown module)"))
1617897848502	Marionette	INFO	Listening on port 50289
1617897848531	Marionette	WARN	TLS certificate errors will be ignored for this session
1617897860563	Marionette	INFO	Stopped listening on port 50289

###!!! [Child][RunMessage] Error: Channel closing: too late to send/recv, messages will be lost


###!!! [Child][RunMessage] Error: Channel closing: too late to send/recv, messages will be lost


###!!! [Parent][RunMessage] Error: Channel closing: too late to send/recv, messages will be lost

console.log: WebExtensions: reset-default-search: No addons in our list are installed.
1617898244856	geckodriver	INFO	Listening on 127.0.0.1:50549
1617898245873	mozrunner::runner	INFO	Running command: "/Applications/Firefox.app/Contents/MacOS/firefox-bin" "--marionette" "-foreground" "-no-remote" "-profile" "/var/folders/4d/b2pm5p712j1fsv4x67rnh7780000gn/T/rust_mozprofileIHZF13"
console.warn: SearchSettings: "get: No settings file exists, new profile?" (new Error("", "(unknown module)"))
1617898248390	Marionette	INFO	Listening on port 50556
1617898248469	Marionette	WARN	TLS certificate errors will be ignored for this session
1617898260456	Marionette	INFO	Stopped listening on port 50556
1617898286489	geckodriver	INFO	Listening on 127.0.0.1:50756
1617898286495	mozrunner::runner	INFO	Running command: "/Applications/Firefox.app/Contents/MacOS/firefox-bin" "--marionette" "-foreground" "-no-remote" "-profile" "/var/folders/4d/b2pm5p712j1fsv4x67rnh7780000gn/T/rust_mozprofile3qtsMa"
console.warn: SearchSettings: "get: No settings file exists, new profile?" (new Error("", "(unknown module)"))
1617898288823	Marionette	INFO	Listening on port 50761
1617898288899	Marionette	WARN	TLS certificate errors will be ignored for this session

###!!! [Child][RunMessage] Error: Channel closing: too late to send/recv, messages will be lost


###!!! [Child][RunMessage] Error: Channel closing: too late to send/recv, messages will be lost


###!!! [Child][RunMessage] Error: Channel closing: too late to send/recv, messages will be lost

console.log: WebExtensions: reset-default-search: No addons in our list are installed.
1617898313087	geckodriver	INFO	Listening on 127.0.0.1:50954
1617898313094	mozrunner::runner	INFO	Running command: "/Applications/Firefox.app/Contents/MacOS/firefox-bin" "--marionette" "-foreground" "-no-remote" "-profile" "/var/folders/4d/b2pm5p712j1fsv4x67rnh7780000gn/T/rust_mozprofileqjzyog"
console.warn: SearchSettings: "get: No settings file exists, new profile?" (new Error("", "(unknown module)"))
1617898315628	Marionette	INFO	Listening on port 50959
1617898315714	Marionette	WARN	TLS certificate errors will be ignored for this session
1617898328999	Marionette	INFO	Stopped listening on port 50959

###!!! [Parent][RunMessage] Error: Channel closing: too late to send/recv, messages will be lost

1617898365077	geckodriver	INFO	Listening on 127.0.0.1:51153
1617898365084	mozrunner::runner	INFO	Running command: "/Applications/Firefox.app/Contents/MacOS/firefox-bin" "--marionette" "-foreground" "-no-remote" "-profile" "/var/folders/4d/b2pm5p712j1fsv4x67rnh7780000gn/T/rust_mozprofileuAlaZQ"
console.warn: SearchSettings: "get: No settings file exists, new profile?" (new Error("", "(unknown module)"))
1617898367422	Marionette	INFO	Listening on port 51158
1617898367481	Marionette	WARN	TLS certificate errors will be ignored for this session
SourceActor threw an exception: [Exception... "Component returned failure code: 0x80470002 (NS_BASE_STREAM_CLOSED) [nsIInputStream.available]"  nsresult: "0x80470002 (NS_BASE_STREAM_CLOSED)"  location: "JS frame :: resource://devtools/shared/DevToolsUtils.js :: onResponse :: line 567"  data: no]
Stack: onResponse@resource://devtools/shared/DevToolsUtils.js:567:34
onStopRequest@resource://gre/modules/NetUtil.jsm:128:18
Line: 567, column: 0
console.error: ({})
JavaScript error: resource://devtools/shared/DevToolsUtils.js, line 567: NS_BASE_STREAM_CLOSED: Component returned failure code: 0x80470002 (NS_BASE_STREAM_CLOSED) [nsIInputStream.available]
1617898497468	geckodriver	INFO	Listening on 127.0.0.1:51398
1617898498486	mozrunner::runner	INFO	Running command: "/Applications/Firefox.app/Contents/MacOS/firefox-bin" "--marionette" "-foreground" "-no-remote" "-profile" "/var/folders/4d/b2pm5p712j1fsv4x67rnh7780000gn/T/rust_mozprofileBZ3hdO"
console.warn: SearchSettings: "get: No settings file exists, new profile?" (new Error("", "(unknown module)"))
1617898501159	Marionette	INFO	Listening on port 51405
1617898501194	Marionette	WARN	TLS certificate errors will be ignored for this session
1617898556961	Marionette	INFO	Stopped listening on port 51405
JavaScript error: resource://gre/modules/AsyncShutdown.jsm, line 575: NotFoundError: No such JSWindowActor 'MarionetteEvents'
JavaScript error: resource://gre/modules/AsyncShutdown.jsm, line 575: NotFoundError: No such JSWindowActor 'MarionetteEvents'
JavaScript error: resource://gre/modules/AsyncShutdown.jsm, line 575: NotFoundError: No such JSWindowActor 'MarionetteEvents'

###!!! [Parent][RunMessage] Error: Channel closing: too late to send/recv, messages will be lost

1617898600567	Marionette	INFO	Stopped listening on port 49868

###!!! [Parent][RunMessage] Error: Channel closing: too late to send/recv, messages will be lost


###!!! [Child][RunMessage] Error: Channel closing: too late to send/recv, messages will be lost


###!!! [Child][MessageChannel] Error: (msgtype=0x230032,name=PBrowser::Msg___delete__) Channel closing: too late to send/recv, messages will be lost

1617898602867	Marionette	INFO	Stopped listening on port 50085

###!!! [Parent][RunMessage] Error: Channel closing: too late to send/recv, messages will be lost

1617898606108	Marionette	INFO	Stopped listening on port 50761
1617898611513	Marionette	INFO	Stopped listening on port 51158
1617899207408	geckodriver	INFO	Listening on 127.0.0.1:51783
1617899207421	mozrunner::runner	INFO	Running command: "/Applications/Firefox.app/Contents/MacOS/firefox-bin" "--marionette" "-headless" "-foreground" "-no-remote" "-profile" "/var/folders/4d/b2pm5p712j1fsv4x67rnh7780000gn/T/rust_mozprofilemlFOla"
*** You are running in headless mode.
console.warn: SearchSettings: "get: No settings file exists, new profile?" (new Error("", "(unknown module)"))
1617899209746	Marionette	INFO	Listening on port 51788
1617899209824	Marionette	WARN	TLS certificate errors will be ignored for this session
1617899359745	geckodriver	INFO	Listening on 127.0.0.1:51877
1617899359752	mozrunner::runner	INFO	Running command: "/Applications/Firefox.app/Contents/MacOS/firefox-bin" "--marionette" "-headless" "-foreground" "-no-remote" "-profile" "/var/folders/4d/b2pm5p712j1fsv4x67rnh7780000gn/T/rust_mozprofileuoM22d"
*** You are running in headless mode.
console.warn: SearchSettings: "get: No settings file exists, new profile?" (new Error("", "(unknown module)"))
1617899362215	Marionette	INFO	Listening on port 51882
1617899362274	Marionette	WARN	TLS certificate errors will be ignored for this session
1617899393417	geckodriver	INFO	Listening on 127.0.0.1:51946
1617899394434	mozrunner::runner	INFO	Running command: "/Applications/Firefox.app/Contents/MacOS/firefox-bin" "--marionette" "-headless" "-foreground" "-no-remote" "-profile" "/var/folders/4d/b2pm5p712j1fsv4x67rnh7780000gn/T/rust_mozprofile3E1rDp"
*** You are running in headless mode.
console.warn: SearchSettings: "get: No settings file exists, new profile?" (new Error("", "(unknown module)"))
1617899396862	Marionette	INFO	Listening on port 51953
1617899396940	Marionette	WARN	TLS certificate errors will be ignored for this session
1617899459432	geckodriver	INFO	Listening on 127.0.0.1:52034
1617899460454	mozrunner::runner	INFO	Running command: "/Applications/Firefox.app/Contents/MacOS/firefox-bin" "--marionette" "-headless" "-foreground" "-no-remote" "-profile" "/var/folders/4d/b2pm5p712j1fsv4x67rnh7780000gn/T/rust_mozprofileLBoQ4T"
*** You are running in headless mode.
console.warn: SearchSettings: "get: No settings file exists, new profile?" (new Error("", "(unknown module)"))
1617899462786	Marionette	INFO	Listening on port 52041
1617899462850	Marionette	WARN	TLS certificate errors will be ignored for this session
1617899480064	geckodriver	INFO	Listening on 127.0.0.1:52102
1617899480071	mozrunner::runner	INFO	Running command: "/Applications/Firefox.app/Contents/MacOS/firefox-bin" "--marionette" "-headless" "-foreground" "-no-remote" "-profile" "/var/folders/4d/b2pm5p712j1fsv4x67rnh7780000gn/T/rust_mozprofileeJtQ2q"
*** You are running in headless mode.
console.warn: SearchSettings: "get: No settings file exists, new profile?" (new Error("", "(unknown module)"))
1617899482455	Marionette	INFO	Listening on port 52107
1617899482479	Marionette	WARN	TLS certificate errors will be ignored for this session
console.log: WebExtensions: reset-default-search: No addons in our list are installed.
console.log: WebExtensions: reset-default-search: No addons in our list are installed.
console.log: WebExtensions: reset-default-search: No addons in our list are installed.
console.log: WebExtensions: reset-default-search: No addons in our list are installed.
console.log: WebExtensions: reset-default-search: No addons in our list are installed.
1617900040165	geckodriver	INFO	Listening on 127.0.0.1:52401
1617900041184	mozrunner::runner	INFO	Running command: "/Applications/Firefox.app/Contents/MacOS/firefox-bin" "--marionette" "-headless" "-foreground" "-no-remote" "-profile" "/var/folders/4d/b2pm5p712j1fsv4x67rnh7780000gn/T/rust_mozprofile5FQ29P"
*** You are running in headless mode.
console.warn: SearchSettings: "get: No settings file exists, new profile?" (new Error("", "(unknown module)"))
1617900043490	Marionette	INFO	Listening on port 52408
1617900043595	Marionette	WARN	TLS certificate errors will be ignored for this session
1617900400110	geckodriver	INFO	Listening on 127.0.0.1:52520
1617900401126	mozrunner::runner	INFO	Running command: "/Applications/Firefox.app/Contents/MacOS/firefox-bin" "--marionette" "-headless" "-foreground" "-no-remote" "-profile" "/var/folders/4d/b2pm5p712j1fsv4x67rnh7780000gn/T/rust_mozprofileo2x5Gs"
*** You are running in headless mode.
console.warn: SearchSettings: "get: No settings file exists, new profile?" (new Error("", "(unknown module)"))
1617900403715	Marionette	INFO	Listening on port 52527
1617900403741	Marionette	WARN	TLS certificate errors will be ignored for this session
1617900422965	geckodriver	INFO	Listening on 127.0.0.1:52593
1617900423986	mozrunner::runner	INFO	Running command: "/Applications/Firefox.app/Contents/MacOS/firefox-bin" "--marionette" "-headless" "-foreground" "-no-remote" "-profile" "/var/folders/4d/b2pm5p712j1fsv4x67rnh7780000gn/T/rust_mozprofileUnCL9m"
*** You are running in headless mode.
console.warn: SearchSettings: "get: No settings file exists, new profile?" (new Error("", "(unknown module)"))
1617900426315	Marionette	INFO	Listening on port 52600
1617900426398	Marionette	WARN	TLS certificate errors will be ignored for this session
console.log: WebExtensions: reset-default-search: No addons in our list are installed.
1617900793133	geckodriver	INFO	Listening on 127.0.0.1:52707
1617900794143	mozrunner::runner	INFO	Running command: "/Applications/Firefox.app/Contents/MacOS/firefox-bin" "--marionette" "-headless" "-foreground" "-no-remote" "-profile" "/var/folders/4d/b2pm5p712j1fsv4x67rnh7780000gn/T/rust_mozprofile6pzx8V"
*** You are running in headless mode.
console.warn: SearchSettings: "get: No settings file exists, new profile?" (new Error("", "(unknown module)"))
1617900796617	Marionette	INFO	Listening on port 52716
1617900796646	Marionette	WARN	TLS certificate errors will be ignored for this session
1617900808948	geckodriver	INFO	Listening on 127.0.0.1:52778
1617900808955	mozrunner::runner	INFO	Running command: "/Applications/Firefox.app/Contents/MacOS/firefox-bin" "--marionette" "-headless" "-foreground" "-no-remote" "-profile" "/var/folders/4d/b2pm5p712j1fsv4x67rnh7780000gn/T/rust_mozprofileu3OV40"
*** You are running in headless mode.
console.warn: SearchSettings: "get: No settings file exists, new profile?" (new Error("", "(unknown module)"))
1617900811367	Marionette	INFO	Listening on port 52783
1617900811472	Marionette	WARN	TLS certificate errors will be ignored for this session
1617900888360	geckodriver	INFO	Listening on 127.0.0.1:52875
1617900889380	mozrunner::runner	INFO	Running command: "/Applications/Firefox.app/Contents/MacOS/firefox-bin" "--marionette" "-headless" "-foreground" "-no-remote" "-profile" "/var/folders/4d/b2pm5p712j1fsv4x67rnh7780000gn/T/rust_mozprofile2qlhWV"
*** You are running in headless mode.
console.warn: SearchSettings: "get: No settings file exists, new profile?" (new Error("", "(unknown module)"))
1617900891753	Marionette	INFO	Listening on port 52882
1617900891794	Marionette	WARN	TLS certificate errors will be ignored for this session
1617900903617	geckodriver	INFO	Listening on 127.0.0.1:52944
1617900904639	mozrunner::runner	INFO	Running command: "/Applications/Firefox.app/Contents/MacOS/firefox-bin" "--marionette" "-headless" "-foreground" "-no-remote" "-profile" "/var/folders/4d/b2pm5p712j1fsv4x67rnh7780000gn/T/rust_mozprofile65TbES"
*** You are running in headless mode.
console.warn: SearchSettings: "get: No settings file exists, new profile?" (new Error("", "(unknown module)"))
1617900907072	Marionette	INFO	Listening on port 52951
1617900907159	Marionette	WARN	TLS certificate errors will be ignored for this session
console.log: WebExtensions: reset-default-search: No addons in our list are installed.
1617900918858	geckodriver	INFO	Listening on 127.0.0.1:53018
1617900919873	mozrunner::runner	INFO	Running command: "/Applications/Firefox.app/Contents/MacOS/firefox-bin" "--marionette" "-headless" "-foreground" "-no-remote" "-profile" "/var/folders/4d/b2pm5p712j1fsv4x67rnh7780000gn/T/rust_mozprofileQkwjgZ"
*** You are running in headless mode.
console.warn: SearchSettings: "get: No settings file exists, new profile?" (new Error("", "(unknown module)"))
1617900922202	Marionette	INFO	Listening on port 53025
1617900922288	Marionette	WARN	TLS certificate errors will be ignored for this session
console.log: WebExtensions: reset-default-search: No addons in our list are installed.
console.log: WebExtensions: reset-default-search: No addons in our list are installed.
console.log: WebExtensions: reset-default-search: No addons in our list are installed.
console.log: WebExtensions: reset-default-search: No addons in our list are installed.
console.log: WebExtensions: reset-default-search: No addons in our list are installed.
console.log: WebExtensions: reset-default-search: No addons in our list are installed.
1617901455985	geckodriver	INFO	Listening on 127.0.0.1:53258
1617901456999	mozrunner::runner	INFO	Running command: "/Applications/Firefox.app/Contents/MacOS/firefox-bin" "--marionette" "-headless" "-foreground" "-no-remote" "-profile" "/var/folders/4d/b2pm5p712j1fsv4x67rnh7780000gn/T/rust_mozprofileWY2rEN"
*** You are running in headless mode.
console.warn: SearchSettings: "get: No settings file exists, new profile?" (new Error("", "(unknown module)"))
1617901459387	Marionette	INFO	Listening on port 53265
1617901459412	Marionette	WARN	TLS certificate errors will be ignored for this session
1617901470691	geckodriver	INFO	Listening on 127.0.0.1:53327
1617901471712	mozrunner::runner	INFO	Running command: "/Applications/Firefox.app/Contents/MacOS/firefox-bin" "--marionette" "-headless" "-foreground" "-no-remote" "-profile" "/var/folders/4d/b2pm5p712j1fsv4x67rnh7780000gn/T/rust_mozprofileXR6ky0"
*** You are running in headless mode.
console.warn: SearchSettings: "get: No settings file exists, new profile?" (new Error("", "(unknown module)"))
1617901474231	Marionette	INFO	Listening on port 53334
1617901474332	Marionette	WARN	TLS certificate errors will be ignored for this session
1617901514036	geckodriver	INFO	Listening on 127.0.0.1:53406
1617901515045	mozrunner::runner	INFO	Running command: "/Applications/Firefox.app/Contents/MacOS/firefox-bin" "--marionette" "-headless" "-foreground" "-no-remote" "-profile" "/var/folders/4d/b2pm5p712j1fsv4x67rnh7780000gn/T/rust_mozprofileDOXMgv"
*** You are running in headless mode.
console.warn: SearchSettings: "get: No settings file exists, new profile?" (new Error("", "(unknown module)"))
1617901517396	Marionette	INFO	Listening on port 53413
1617901517458	Marionette	WARN	TLS certificate errors will be ignored for this session
console.log: WebExtensions: reset-default-search: No addons in our list are installed.
console.log: WebExtensions: reset-default-search: No addons in our list are installed.
console.log: WebExtensions: reset-default-search: No addons in our list are installed.
1617902240071	geckodriver	INFO	Listening on 127.0.0.1:53571
1617902241090	mozrunner::runner	INFO	Running command: "/Applications/Firefox.app/Contents/MacOS/firefox-bin" "--marionette" "-headless" "-foreground" "-no-remote" "-profile" "/var/folders/4d/b2pm5p712j1fsv4x67rnh7780000gn/T/rust_mozprofile8SGShB"
*** You are running in headless mode.
console.warn: SearchSettings: "get: No settings file exists, new profile?" (new Error("", "(unknown module)"))
1617902243599	Marionette	INFO	Listening on port 53579
1617902243705	Marionette	WARN	TLS certificate errors will be ignored for this session
1617902263763	geckodriver	INFO	Listening on 127.0.0.1:53645
1617902264777	mozrunner::runner	INFO	Running command: "/Applications/Firefox.app/Contents/MacOS/firefox-bin" "--marionette" "-headless" "-foreground" "-no-remote" "-profile" "/var/folders/4d/b2pm5p712j1fsv4x67rnh7780000gn/T/rust_mozprofile1q1oST"
*** You are running in headless mode.
console.warn: SearchSettings: "get: No settings file exists, new profile?" (new Error("", "(unknown module)"))
1617902267124	Marionette	INFO	Listening on port 53652
1617902267174	Marionette	WARN	TLS certificate errors will be ignored for this session
1617902302622	geckodriver	INFO	Listening on 127.0.0.1:53722
1617902303636	mozrunner::runner	INFO	Running command: "/Applications/Firefox.app/Contents/MacOS/firefox-bin" "--marionette" "-headless" "-foreground" "-no-remote" "-profile" "/var/folders/4d/b2pm5p712j1fsv4x67rnh7780000gn/T/rust_mozprofile3gsz1z"
*** You are running in headless mode.
console.warn: SearchSettings: "get: No settings file exists, new profile?" (new Error("", "(unknown module)"))
1617902306274	Marionette	INFO	Listening on port 53732
1617902306349	Marionette	WARN	TLS certificate errors will be ignored for this session
1617902333356	geckodriver	INFO	Listening on 127.0.0.1:53820
1617902334376	mozrunner::runner	INFO	Running command: "/Applications/Firefox.app/Contents/MacOS/firefox-bin" "--marionette" "-headless" "-foreground" "-no-remote" "-profile" "/var/folders/4d/b2pm5p712j1fsv4x67rnh7780000gn/T/rust_mozprofilegkMF9s"
*** You are running in headless mode.
console.warn: SearchSettings: "get: No settings file exists, new profile?" (new Error("", "(unknown module)"))
1617902336711	Marionette	INFO	Listening on port 53827
1617902336777	Marionette	WARN	TLS certificate errors will be ignored for this session
1617902508149	geckodriver	INFO	Listening on 127.0.0.1:53922
1617902508156	mozrunner::runner	INFO	Running command: "/Applications/Firefox.app/Contents/MacOS/firefox-bin" "--marionette" "-headless" "-foreground" "-no-remote" "-profile" "/var/folders/4d/b2pm5p712j1fsv4x67rnh7780000gn/T/rust_mozprofile72aWKx"
*** You are running in headless mode.
console.warn: SearchSettings: "get: No settings file exists, new profile?" (new Error("", "(unknown module)"))
1617902510418	Marionette	INFO	Listening on port 53927
1617902510456	Marionette	WARN	TLS certificate errors will be ignored for this session
1617902521634	geckodriver	INFO	Listening on 127.0.0.1:53989
1617902521641	mozrunner::runner	INFO	Running command: "/Applications/Firefox.app/Contents/MacOS/firefox-bin" "--marionette" "-headless" "-foreground" "-no-remote" "-profile" "/var/folders/4d/b2pm5p712j1fsv4x67rnh7780000gn/T/rust_mozprofilennJA7L"
*** You are running in headless mode.
console.warn: SearchSettings: "get: No settings file exists, new profile?" (new Error("", "(unknown module)"))
1617902524045	Marionette	INFO	Listening on port 53994
1617902524148	Marionette	WARN	TLS certificate errors will be ignored for this session
1617902604392	geckodriver	INFO	Listening on 127.0.0.1:54083
1617902605408	mozrunner::runner	INFO	Running command: "/Applications/Firefox.app/Contents/MacOS/firefox-bin" "--marionette" "-headless" "-foreground" "-no-remote" "-profile" "/var/folders/4d/b2pm5p712j1fsv4x67rnh7780000gn/T/rust_mozprofilebCp4pi"
*** You are running in headless mode.
console.warn: SearchSettings: "get: No settings file exists, new profile?" (new Error("", "(unknown module)"))
1617902607822	Marionette	INFO	Listening on port 54090
1617902607894	Marionette	WARN	TLS certificate errors will be ignored for this session
1617902619818	geckodriver	INFO	Listening on 127.0.0.1:54154
1617902619824	mozrunner::runner	INFO	Running command: "/Applications/Firefox.app/Contents/MacOS/firefox-bin" "--marionette" "-headless" "-foreground" "-no-remote" "-profile" "/var/folders/4d/b2pm5p712j1fsv4x67rnh7780000gn/T/rust_mozprofiletGv5iG"
*** You are running in headless mode.
console.warn: SearchSettings: "get: No settings file exists, new profile?" (new Error("", "(unknown module)"))
1617902622335	Marionette	INFO	Listening on port 54159
1617902622430	Marionette	WARN	TLS certificate errors will be ignored for this session
console.log: WebExtensions: reset-default-search: No addons in our list are installed.
console.log: WebExtensions: reset-default-search: No addons in our list are installed.
console.log: WebExtensions: reset-default-search: No addons in our list are installed.
console.log: WebExtensions: reset-default-search: No addons in our list are installed.
1617902848234	geckodriver	INFO	Listening on 127.0.0.1:54295
1617902849254	mozrunner::runner	INFO	Running command: "/Applications/Firefox.app/Contents/MacOS/firefox-bin" "--marionette" "-headless" "-foreground" "-no-remote" "-profile" "/var/folders/4d/b2pm5p712j1fsv4x67rnh7780000gn/T/rust_mozprofilebwLuRq"
*** You are running in headless mode.
console.warn: SearchSettings: "get: No settings file exists, new profile?" (new Error("", "(unknown module)"))
1617902851566	Marionette	INFO	Listening on port 54302
1617902851660	Marionette	WARN	TLS certificate errors will be ignored for this session
1617902912833	geckodriver	INFO	Listening on 127.0.0.1:54382
1617902913844	mozrunner::runner	INFO	Running command: "/Applications/Firefox.app/Contents/MacOS/firefox-bin" "--marionette" "-headless" "-foreground" "-no-remote" "-profile" "/var/folders/4d/b2pm5p712j1fsv4x67rnh7780000gn/T/rust_mozprofilejVuYAN"
*** You are running in headless mode.
console.warn: SearchSettings: "get: No settings file exists, new profile?" (new Error("", "(unknown module)"))
1617902916305	Marionette	INFO	Listening on port 54392
1617902916353	Marionette	WARN	TLS certificate errors will be ignored for this session
console.log: WebExtensions: reset-default-search: No addons in our list are installed.
console.log: WebExtensions: reset-default-search: No addons in our list are installed.
console.log: WebExtensions: reset-default-search: No addons in our list are installed.
1617903127669	geckodriver	INFO	Listening on 127.0.0.1:54513
1617903128690	mozrunner::runner	INFO	Running command: "/Applications/Firefox.app/Contents/MacOS/firefox-bin" "--marionette" "-headless" "-foreground" "-no-remote" "-profile" "/var/folders/4d/b2pm5p712j1fsv4x67rnh7780000gn/T/rust_mozprofiletkGKAO"
*** You are running in headless mode.
console.warn: SearchSettings: "get: No settings file exists, new profile?" (new Error("", "(unknown module)"))
console.log: WebExtensions: reset-default-search: No addons in our list are installed.
1617903131361	Marionette	INFO	Listening on port 54520
1617903131413	Marionette	WARN	TLS certificate errors will be ignored for this session
1617903144564	geckodriver	INFO	Listening on 127.0.0.1:54594
1617903144571	mozrunner::runner	INFO	Running command: "/Applications/Firefox.app/Contents/MacOS/firefox-bin" "--marionette" "-headless" "-foreground" "-no-remote" "-profile" "/var/folders/4d/b2pm5p712j1fsv4x67rnh7780000gn/T/rust_mozprofile958YVD"
*** You are running in headless mode.
console.warn: SearchSettings: "get: No settings file exists, new profile?" (new Error("", "(unknown module)"))
1617903146926	Marionette	INFO	Listening on port 54599
1617903146960	Marionette	WARN	TLS certificate errors will be ignored for this session
1617903338678	geckodriver	INFO	Listening on 127.0.0.1:54695
1617903339699	mozrunner::runner	INFO	Running command: "/Applications/Firefox.app/Contents/MacOS/firefox-bin" "--marionette" "-headless" "-foreground" "-no-remote" "-profile" "/var/folders/4d/b2pm5p712j1fsv4x67rnh7780000gn/T/rust_mozprofileSKfUNk"
*** You are running in headless mode.
console.warn: SearchSettings: "get: No settings file exists, new profile?" (new Error("", "(unknown module)"))
1617903342182	Marionette	INFO	Listening on port 54702
1617903342209	Marionette	WARN	TLS certificate errors will be ignored for this session
console.log: WebExtensions: reset-default-search: No addons in our list are installed.
1617903369750	geckodriver	INFO	Listening on 127.0.0.1:54772
1617903370772	mozrunner::runner	INFO	Running command: "/Applications/Firefox.app/Contents/MacOS/firefox-bin" "--marionette" "-headless" "-foreground" "-no-remote" "-profile" "/var/folders/4d/b2pm5p712j1fsv4x67rnh7780000gn/T/rust_mozprofileVqGRAk"
*** You are running in headless mode.
console.warn: SearchSettings: "get: No settings file exists, new profile?" (new Error("", "(unknown module)"))
1617903373187	Marionette	INFO	Listening on port 54779
1617903373274	Marionette	WARN	TLS certificate errors will be ignored for this session
1617903390870	geckodriver	INFO	Listening on 127.0.0.1:54846
1617903391883	mozrunner::runner	INFO	Running command: "/Applications/Firefox.app/Contents/MacOS/firefox-bin" "--marionette" "-headless" "-foreground" "-no-remote" "-profile" "/var/folders/4d/b2pm5p712j1fsv4x67rnh7780000gn/T/rust_mozprofileiGTFjB"
*** You are running in headless mode.
console.warn: SearchSettings: "get: No settings file exists, new profile?" (new Error("", "(unknown module)"))
1617903394152	Marionette	INFO	Listening on port 54853
1617903394183	Marionette	WARN	TLS certificate errors will be ignored for this session
console.log: WebExtensions: reset-default-search: No addons in our list are installed.
1617903469914	geckodriver	INFO	Listening on 127.0.0.1:54932
1617903470925	mozrunner::runner	INFO	Running command: "/Applications/Firefox.app/Contents/MacOS/firefox-bin" "--marionette" "-headless" "-foreground" "-no-remote" "-profile" "/var/folders/4d/b2pm5p712j1fsv4x67rnh7780000gn/T/rust_mozprofilestEFbL"
*** You are running in headless mode.
console.warn: SearchSettings: "get: No settings file exists, new profile?" (new Error("", "(unknown module)"))
1617903473222	Marionette	INFO	Listening on port 54940
1617903473238	Marionette	WARN	TLS certificate errors will be ignored for this session
1617903483059	geckodriver	INFO	Listening on 127.0.0.1:55001
1617903483065	mozrunner::runner	INFO	Running command: "/Applications/Firefox.app/Contents/MacOS/firefox-bin" "--marionette" "-headless" "-foreground" "-no-remote" "-profile" "/var/folders/4d/b2pm5p712j1fsv4x67rnh7780000gn/T/rust_mozprofilempDe7H"
*** You are running in headless mode.
console.warn: SearchSettings: "get: No settings file exists, new profile?" (new Error("", "(unknown module)"))
1617903485303	Marionette	INFO	Listening on port 55006
1617903485360	Marionette	WARN	TLS certificate errors will be ignored for this session
1617903507726	geckodriver	INFO	Listening on 127.0.0.1:55071
1617903508746	mozrunner::runner	INFO	Running command: "/Applications/Firefox.app/Contents/MacOS/firefox-bin" "--marionette" "-headless" "-foreground" "-no-remote" "-profile" "/var/folders/4d/b2pm5p712j1fsv4x67rnh7780000gn/T/rust_mozprofileT60z2Q"
*** You are running in headless mode.
console.warn: SearchSettings: "get: No settings file exists, new profile?" (new Error("", "(unknown module)"))
1617903511074	Marionette	INFO	Listening on port 55078
1617903511146	Marionette	WARN	TLS certificate errors will be ignored for this session
1617903544874	geckodriver	INFO	Listening on 127.0.0.1:55162
1617903545894	mozrunner::runner	INFO	Running command: "/Applications/Firefox.app/Contents/MacOS/firefox-bin" "--marionette" "-headless" "-foreground" "-no-remote" "-profile" "/var/folders/4d/b2pm5p712j1fsv4x67rnh7780000gn/T/rust_mozprofilegD0rOx"
*** You are running in headless mode.
console.warn: SearchSettings: "get: No settings file exists, new profile?" (new Error("", "(unknown module)"))
1617903548360	Marionette	INFO	Listening on port 55169
1617903548408	Marionette	WARN	TLS certificate errors will be ignored for this session
1617903572129	geckodriver	INFO	Listening on 127.0.0.1:55238
1617903573151	mozrunner::runner	INFO	Running command: "/Applications/Firefox.app/Contents/MacOS/firefox-bin" "--marionette" "-headless" "-foreground" "-no-remote" "-profile" "/var/folders/4d/b2pm5p712j1fsv4x67rnh7780000gn/T/rust_mozprofilersp04F"
*** You are running in headless mode.
console.warn: SearchSettings: "get: No settings file exists, new profile?" (new Error("", "(unknown module)"))
1617903575525	Marionette	INFO	Listening on port 55245
1617903575559	Marionette	WARN	TLS certificate errors will be ignored for this session
console.log: WebExtensions: reset-default-search: No addons in our list are installed.
console.log: WebExtensions: reset-default-search: No addons in our list are installed.
console.log: WebExtensions: reset-default-search: No addons in our list are installed.
console.log: WebExtensions: reset-default-search: No addons in our list are installed.
console.log: WebExtensions: reset-default-search: No addons in our list are installed.
console.log: WebExtensions: reset-default-search: No addons in our list are installed.
console.log: WebExtensions: reset-default-search: No addons in our list are installed.
console.log: WebExtensions: reset-default-search: No addons in our list are installed.
console.log: WebExtensions: reset-default-search: No addons in our list are installed.
console.log: WebExtensions: reset-default-search: No addons in our list are installed.
1617951303204	geckodriver	INFO	Listening on 127.0.0.1:56556
1617951304222	mozrunner::runner	INFO	Running command: "/Applications/Firefox.app/Contents/MacOS/firefox-bin" "--marionette" "-headless" "-foreground" "-no-remote" "-profile" "/var/folders/4d/b2pm5p712j1fsv4x67rnh7780000gn/T/rust_mozprofileUr8SbZ"
*** You are running in headless mode.
console.warn: SearchSettings: "get: No settings file exists, new profile?" (new Error("", "(unknown module)"))
1617951306740	Marionette	INFO	Listening on port 56563
1617951306846	Marionette	WARN	TLS certificate errors will be ignored for this session
1617951332864	geckodriver	INFO	Listening on 127.0.0.1:56632
1617951333882	mozrunner::runner	INFO	Running command: "/Applications/Firefox.app/Contents/MacOS/firefox-bin" "--marionette" "-headless" "-foreground" "-no-remote" "-profile" "/var/folders/4d/b2pm5p712j1fsv4x67rnh7780000gn/T/rust_mozprofilerLv1Oa"
*** You are running in headless mode.
console.warn: SearchSettings: "get: No settings file exists, new profile?" (new Error("", "(unknown module)"))
1617951336354	Marionette	INFO	Listening on port 56639
1617951336400	Marionette	WARN	TLS certificate errors will be ignored for this session
1617951394615	geckodriver	INFO	Listening on 127.0.0.1:56711
1617951395632	mozrunner::runner	INFO	Running command: "/Applications/Firefox.app/Contents/MacOS/firefox-bin" "--marionette" "-headless" "-foreground" "-no-remote" "-profile" "/var/folders/4d/b2pm5p712j1fsv4x67rnh7780000gn/T/rust_mozprofileByPbH4"
*** You are running in headless mode.
console.warn: SearchSettings: "get: No settings file exists, new profile?" (new Error("", "(unknown module)"))
1617951398048	Marionette	INFO	Listening on port 56721
1617951398137	Marionette	WARN	TLS certificate errors will be ignored for this session
1617951445841	geckodriver	INFO	Listening on 127.0.0.1:56792
1617951446864	mozrunner::runner	INFO	Running command: "/Applications/Firefox.app/Contents/MacOS/firefox-bin" "--marionette" "-headless" "-foreground" "-no-remote" "-profile" "/var/folders/4d/b2pm5p712j1fsv4x67rnh7780000gn/T/rust_mozprofileaSEKb6"
*** You are running in headless mode.
console.warn: SearchSettings: "get: No settings file exists, new profile?" (new Error("", "(unknown module)"))
1617951449256	Marionette	INFO	Listening on port 56799
1617951449362	Marionette	WARN	TLS certificate errors will be ignored for this session
1617951690934	geckodriver	INFO	Listening on 127.0.0.1:56911
1617951691955	mozrunner::runner	INFO	Running command: "/Applications/Firefox.app/Contents/MacOS/firefox-bin" "--marionette" "-headless" "-foreground" "-no-remote" "-profile" "/var/folders/4d/b2pm5p712j1fsv4x67rnh7780000gn/T/rust_mozprofilek4JKuZ"
*** You are running in headless mode.
console.warn: SearchSettings: "get: No settings file exists, new profile?" (new Error("", "(unknown module)"))
1617951694481	Marionette	INFO	Listening on port 56918
1617951694569	Marionette	WARN	TLS certificate errors will be ignored for this session
console.log: WebExtensions: reset-default-search: No addons in our list are installed.
console.log: WebExtensions: reset-default-search: No addons in our list are installed.
1617951882514	geckodriver	INFO	Listening on 127.0.0.1:57072
1617951883531	mozrunner::runner	INFO	Running command: "/Applications/Firefox.app/Contents/MacOS/firefox-bin" "--marionette" "-headless" "-foreground" "-no-remote" "-profile" "/var/folders/4d/b2pm5p712j1fsv4x67rnh7780000gn/T/rust_mozprofiletFT1nT"
*** You are running in headless mode.
console.warn: SearchSettings: "get: No settings file exists, new profile?" (new Error("", "(unknown module)"))
1617951885915	Marionette	INFO	Listening on port 57079
1617951885935	Marionette	WARN	TLS certificate errors will be ignored for this session
console.log: WebExtensions: reset-default-search: No addons in our list are installed.
1617951949835	geckodriver	INFO	Listening on 127.0.0.1:57153
1617951950854	mozrunner::runner	INFO	Running command: "/Applications/Firefox.app/Contents/MacOS/firefox-bin" "--marionette" "-headless" "-foreground" "-no-remote" "-profile" "/var/folders/4d/b2pm5p712j1fsv4x67rnh7780000gn/T/rust_mozprofileVBRF34"
*** You are running in headless mode.
console.warn: SearchSettings: "get: No settings file exists, new profile?" (new Error("", "(unknown module)"))
1617951953423	Marionette	INFO	Listening on port 57160
1617951953461	Marionette	WARN	TLS certificate errors will be ignored for this session
console.log: WebExtensions: reset-default-search: No addons in our list are installed.
1617952095380	geckodriver	INFO	Listening on 127.0.0.1:57280
1617952096402	mozrunner::runner	INFO	Running command: "/Applications/Firefox.app/Contents/MacOS/firefox-bin" "--marionette" "-headless" "-foreground" "-no-remote" "-profile" "/var/folders/4d/b2pm5p712j1fsv4x67rnh7780000gn/T/rust_mozprofile9i8ibH"
*** You are running in headless mode.
console.warn: SearchSettings: "get: No settings file exists, new profile?" (new Error("", "(unknown module)"))
1617952098653	Marionette	INFO	Listening on port 57287
1617952098706	Marionette	WARN	TLS certificate errors will be ignored for this session
1617952163380	geckodriver	INFO	Listening on 127.0.0.1:57362
1617952164399	mozrunner::runner	INFO	Running command: "/Applications/Firefox.app/Contents/MacOS/firefox-bin" "--marionette" "-headless" "-foreground" "-no-remote" "-profile" "/var/folders/4d/b2pm5p712j1fsv4x67rnh7780000gn/T/rust_mozprofiled8WgzK"
*** You are running in headless mode.
console.warn: SearchSettings: "get: No settings file exists, new profile?" (new Error("", "(unknown module)"))
1617952166775	Marionette	INFO	Listening on port 57369
1617952166809	Marionette	WARN	TLS certificate errors will be ignored for this session
1617952191340	geckodriver	INFO	Listening on 127.0.0.1:57432
1617952191347	mozrunner::runner	INFO	Running command: "/Applications/Firefox.app/Contents/MacOS/firefox-bin" "--marionette" "-headless" "-foreground" "-no-remote" "-profile" "/var/folders/4d/b2pm5p712j1fsv4x67rnh7780000gn/T/rust_mozprofilenWRnTf"
*** You are running in headless mode.
console.warn: SearchSettings: "get: No settings file exists, new profile?" (new Error("", "(unknown module)"))
1617952193786	Marionette	INFO	Listening on port 57437
1617952193864	Marionette	WARN	TLS certificate errors will be ignored for this session
console.log: WebExtensions: reset-default-search: No addons in our list are installed.
console.log: WebExtensions: reset-default-search: No addons in our list are installed.
console.log: WebExtensions: reset-default-search: No addons in our list are installed.
console.log: WebExtensions: reset-default-search: No addons in our list are installed.
console.log: WebExtensions: reset-default-search: No addons in our list are installed.
console.log: WebExtensions: reset-default-search: No addons in our list are installed.
1617953000114	geckodriver	INFO	Listening on 127.0.0.1:57789
1617953001135	mozrunner::runner	INFO	Running command: "/Applications/Firefox.app/Contents/MacOS/firefox-bin" "--marionette" "-headless" "-foreground" "-no-remote" "-profile" "/var/folders/4d/b2pm5p712j1fsv4x67rnh7780000gn/T/rust_mozprofilex7z2Wl"
*** You are running in headless mode.
console.warn: SearchSettings: "get: No settings file exists, new profile?" (new Error("", "(unknown module)"))
1617953003740	Marionette	INFO	Listening on port 57796
1617953003843	Marionette	WARN	TLS certificate errors will be ignored for this session
1617953094066	geckodriver	INFO	Listening on 127.0.0.1:57878
1617953095085	mozrunner::runner	INFO	Running command: "/Applications/Firefox.app/Contents/MacOS/firefox-bin" "--marionette" "-headless" "-foreground" "-no-remote" "-profile" "/var/folders/4d/b2pm5p712j1fsv4x67rnh7780000gn/T/rust_mozprofileNBkhi2"
*** You are running in headless mode.
console.warn: SearchSettings: "get: No settings file exists, new profile?" (new Error("", "(unknown module)"))
1617953097522	Marionette	INFO	Listening on port 57885
1617953097599	Marionette	WARN	TLS certificate errors will be ignored for this session
1617953127591	geckodriver	INFO	Listening on 127.0.0.1:57950
1617953128608	mozrunner::runner	INFO	Running command: "/Applications/Firefox.app/Contents/MacOS/firefox-bin" "--marionette" "-headless" "-foreground" "-no-remote" "-profile" "/var/folders/4d/b2pm5p712j1fsv4x67rnh7780000gn/T/rust_mozprofileFJWyKs"
*** You are running in headless mode.
console.warn: SearchSettings: "get: No settings file exists, new profile?" (new Error("", "(unknown module)"))
1617953131037	Marionette	INFO	Listening on port 57957
1617953131115	Marionette	WARN	TLS certificate errors will be ignored for this session
1617953200498	geckodriver	INFO	Listening on 127.0.0.1:58030
1617953201518	mozrunner::runner	INFO	Running command: "/Applications/Firefox.app/Contents/MacOS/firefox-bin" "--marionette" "-headless" "-foreground" "-no-remote" "-profile" "/var/folders/4d/b2pm5p712j1fsv4x67rnh7780000gn/T/rust_mozprofileBPbZ9x"
*** You are running in headless mode.
console.warn: SearchSettings: "get: No settings file exists, new profile?" (new Error("", "(unknown module)"))
1617953203905	Marionette	INFO	Listening on port 58037
1617953203920	Marionette	WARN	TLS certificate errors will be ignored for this session
1617953299896	geckodriver	INFO	Listening on 127.0.0.1:58119
1617953300917	mozrunner::runner	INFO	Running command: "/Applications/Firefox.app/Contents/MacOS/firefox-bin" "--marionette" "-headless" "-foreground" "-no-remote" "-profile" "/var/folders/4d/b2pm5p712j1fsv4x67rnh7780000gn/T/rust_mozprofile4hazum"
*** You are running in headless mode.
console.warn: SearchSettings: "get: No settings file exists, new profile?" (new Error("", "(unknown module)"))
1617953303107	Marionette	INFO	Listening on port 58126
1617953303219	Marionette	WARN	TLS certificate errors will be ignored for this session
1617953503867	geckodriver	INFO	Listening on 127.0.0.1:58223
1617953504888	mozrunner::runner	INFO	Running command: "/Applications/Firefox.app/Contents/MacOS/firefox-bin" "--marionette" "-headless" "-foreground" "-no-remote" "-profile" "/var/folders/4d/b2pm5p712j1fsv4x67rnh7780000gn/T/rust_mozprofileccRPgb"
*** You are running in headless mode.
console.warn: SearchSettings: "get: No settings file exists, new profile?" (new Error("", "(unknown module)"))
1617953507452	Marionette	INFO	Listening on port 58230
1617953507483	Marionette	WARN	TLS certificate errors will be ignored for this session
console.log: WebExtensions: reset-default-search: No addons in our list are installed.
1617953599442	geckodriver	INFO	Listening on 127.0.0.1:58317
1617953600460	mozrunner::runner	INFO	Running command: "/Applications/Firefox.app/Contents/MacOS/firefox-bin" "--marionette" "-headless" "-foreground" "-no-remote" "-profile" "/var/folders/4d/b2pm5p712j1fsv4x67rnh7780000gn/T/rust_mozprofile9qkauL"
*** You are running in headless mode.
console.warn: SearchSettings: "get: No settings file exists, new profile?" (new Error("", "(unknown module)"))
1617953602968	Marionette	INFO	Listening on port 58325
1617953603073	Marionette	WARN	TLS certificate errors will be ignored for this session
console.log: WebExtensions: reset-default-search: No addons in our list are installed.
console.log: WebExtensions: reset-default-search: No addons in our list are installed.
1617953698085	geckodriver	INFO	Listening on 127.0.0.1:58417
1617953699107	mozrunner::runner	INFO	Running command: "/Applications/Firefox.app/Contents/MacOS/firefox-bin" "--marionette" "-headless" "-foreground" "-no-remote" "-profile" "/var/folders/4d/b2pm5p712j1fsv4x67rnh7780000gn/T/rust_mozprofile6QWqEj"
*** You are running in headless mode.
console.warn: SearchSettings: "get: No settings file exists, new profile?" (new Error("", "(unknown module)"))
1617953701438	Marionette	INFO	Listening on port 58425
1617953701519	Marionette	WARN	TLS certificate errors will be ignored for this session
console.log: WebExtensions: reset-default-search: No addons in our list are installed.
1617953719038	geckodriver	INFO	Listening on 127.0.0.1:58491
1617953719044	mozrunner::runner	INFO	Running command: "/Applications/Firefox.app/Contents/MacOS/firefox-bin" "--marionette" "-headless" "-foreground" "-no-remote" "-profile" "/var/folders/4d/b2pm5p712j1fsv4x67rnh7780000gn/T/rust_mozprofileBtvXoe"
*** You are running in headless mode.
console.warn: SearchSettings: "get: No settings file exists, new profile?" (new Error("", "(unknown module)"))
1617953721294	Marionette	INFO	Listening on port 58496
1617953721338	Marionette	WARN	TLS certificate errors will be ignored for this session
1617953752921	geckodriver	INFO	Listening on 127.0.0.1:58560
1617953753942	mozrunner::runner	INFO	Running command: "/Applications/Firefox.app/Contents/MacOS/firefox-bin" "--marionette" "-headless" "-foreground" "-no-remote" "-profile" "/var/folders/4d/b2pm5p712j1fsv4x67rnh7780000gn/T/rust_mozprofileDLxHik"
*** You are running in headless mode.
console.warn: SearchSettings: "get: No settings file exists, new profile?" (new Error("", "(unknown module)"))
1617953756339	Marionette	INFO	Listening on port 58567
1617953756439	Marionette	WARN	TLS certificate errors will be ignored for this session
1617953803666	geckodriver	INFO	Listening on 127.0.0.1:58654
1617953804682	mozrunner::runner	INFO	Running command: "/Applications/Firefox.app/Contents/MacOS/firefox-bin" "--marionette" "-headless" "-foreground" "-no-remote" "-profile" "/var/folders/4d/b2pm5p712j1fsv4x67rnh7780000gn/T/rust_mozprofilejyB4BH"
*** You are running in headless mode.
console.warn: SearchSettings: "get: No settings file exists, new profile?" (new Error("", "(unknown module)"))
1617953807220	Marionette	INFO	Listening on port 58661
1617953807310	Marionette	WARN	TLS certificate errors will be ignored for this session
console.log: WebExtensions: reset-default-search: No addons in our list are installed.
1617953837726	geckodriver	INFO	Listening on 127.0.0.1:58733
1617953838747	mozrunner::runner	INFO	Running command: "/Applications/Firefox.app/Contents/MacOS/firefox-bin" "--marionette" "-headless" "-foreground" "-no-remote" "-profile" "/var/folders/4d/b2pm5p712j1fsv4x67rnh7780000gn/T/rust_mozprofileVRT9z8"
*** You are running in headless mode.
console.warn: SearchSettings: "get: No settings file exists, new profile?" (new Error("", "(unknown module)"))
1617953841118	Marionette	INFO	Listening on port 58740
1617953841161	Marionette	WARN	TLS certificate errors will be ignored for this session
1617953928275	geckodriver	INFO	Listening on 127.0.0.1:58829
1617953929288	mozrunner::runner	INFO	Running command: "/Applications/Firefox.app/Contents/MacOS/firefox-bin" "--marionette" "-headless" "-foreground" "-no-remote" "-profile" "/var/folders/4d/b2pm5p712j1fsv4x67rnh7780000gn/T/rust_mozprofileMzj0Tc"
*** You are running in headless mode.
console.warn: SearchSettings: "get: No settings file exists, new profile?" (new Error("", "(unknown module)"))
1617953931685	Marionette	INFO	Listening on port 58836
1617953931796	Marionette	WARN	TLS certificate errors will be ignored for this session
1617953949156	geckodriver	INFO	Listening on 127.0.0.1:58903
1617953949162	mozrunner::runner	INFO	Running command: "/Applications/Firefox.app/Contents/MacOS/firefox-bin" "--marionette" "-headless" "-foreground" "-no-remote" "-profile" "/var/folders/4d/b2pm5p712j1fsv4x67rnh7780000gn/T/rust_mozprofile5p6UqY"
*** You are running in headless mode.
console.warn: SearchSettings: "get: No settings file exists, new profile?" (new Error("", "(unknown module)"))
1617953951445	Marionette	INFO	Listening on port 58908
1617953951549	Marionette	WARN	TLS certificate errors will be ignored for this session
console.log: WebExtensions: reset-default-search: No addons in our list are installed.
1617954029448	geckodriver	INFO	Listening on 127.0.0.1:58999
1617954030461	mozrunner::runner	INFO	Running command: "/Applications/Firefox.app/Contents/MacOS/firefox-bin" "--marionette" "-headless" "-foreground" "-no-remote" "-profile" "/var/folders/4d/b2pm5p712j1fsv4x67rnh7780000gn/T/rust_mozprofile7CVaK8"
*** You are running in headless mode.
console.warn: SearchSettings: "get: No settings file exists, new profile?" (new Error("", "(unknown module)"))
1617954032793	Marionette	INFO	Listening on port 59006
1617954032877	Marionette	WARN	TLS certificate errors will be ignored for this session
console.log: WebExtensions: reset-default-search: No addons in our list are installed.
console.log: WebExtensions: reset-default-search: No addons in our list are installed.
console.log: WebExtensions: reset-default-search: No addons in our list are installed.
console.log: WebExtensions: reset-default-search: No addons in our list are installed.
console.log: WebExtensions: reset-default-search: No addons in our list are installed.
console.log: WebExtensions: reset-default-search: No addons in our list are installed.
console.log: WebExtensions: reset-default-search: No addons in our list are installed.
console.log: WebExtensions: reset-default-search: No addons in our list are installed.
1617954529288	geckodriver	INFO	Listening on 127.0.0.1:59673
1617954529304	mozrunner::runner	INFO	Running command: "/Applications/Firefox.app/Contents/MacOS/firefox-bin" "--marionette" "-headless" "-foreground" "-no-remote" "-profile" "/var/folders/4d/b2pm5p712j1fsv4x67rnh7780000gn/T/rust_mozprofile8A5Zmo"
*** You are running in headless mode.
console.warn: SearchSettings: "get: No settings file exists, new profile?" (new Error("", "(unknown module)"))
1617954531787	Marionette	INFO	Listening on port 59678
1617954531819	Marionette	WARN	TLS certificate errors will be ignored for this session
console.log: WebExtensions: reset-default-search: No addons in our list are installed.
1617954611529	geckodriver	INFO	Listening on 127.0.0.1:59757
1617954612551	mozrunner::runner	INFO	Running command: "/Applications/Firefox.app/Contents/MacOS/firefox-bin" "--marionette" "-headless" "-foreground" "-no-remote" "-profile" "/var/folders/4d/b2pm5p712j1fsv4x67rnh7780000gn/T/rust_mozprofileBNZkcv"
*** You are running in headless mode.
Exiting due to channel error.
Exiting due to channel error.
1617954625771	geckodriver	INFO	Listening on 127.0.0.1:59783
1617954626793	mozrunner::runner	INFO	Running command: "/Applications/Firefox.app/Contents/MacOS/firefox-bin" "--marionette" "-headless" "-foreground" "-no-remote" "-profile" "/var/folders/4d/b2pm5p712j1fsv4x67rnh7780000gn/T/rust_mozprofilepW2chD"
*** You are running in headless mode.
console.warn: SearchSettings: "get: No settings file exists, new profile?" (new Error("", "(unknown module)"))
1617954629063	Marionette	INFO	Listening on port 59790
1617954629097	Marionette	WARN	TLS certificate errors will be ignored for this session
console.log: WebExtensions: reset-default-search: No addons in our list are installed.
console.log: WebExtensions: reset-default-search: No addons in our list are installed.
1617955301306	geckodriver	INFO	Listening on 127.0.0.1:60317
1617955302329	mozrunner::runner	INFO	Running command: "/Applications/Firefox.app/Contents/MacOS/firefox-bin" "--marionette" "-headless" "-foreground" "-no-remote" "-profile" "/var/folders/4d/b2pm5p712j1fsv4x67rnh7780000gn/T/rust_mozprofile2W5qKI"
*** You are running in headless mode.
console.warn: SearchSettings: "get: No settings file exists, new profile?" (new Error("", "(unknown module)"))
1617955305113	Marionette	INFO	Listening on port 60324
1617955305149	Marionette	WARN	TLS certificate errors will be ignored for this session
console.log: WebExtensions: reset-default-search: No addons in our list are installed.
Exiting due to channel error.
Exiting due to channel error.
Exiting due to channel error.
1617956416110	geckodriver	INFO	Listening on 127.0.0.1:61256
1617956416121	mozrunner::runner	INFO	Running command: "/Applications/Firefox.app/Contents/MacOS/firefox-bin" "--marionette" "-headless" "-foreground" "-no-remote" "-profile" "/var/folders/4d/b2pm5p712j1fsv4x67rnh7780000gn/T/rust_mozprofilea5XB0g"
*** You are running in headless mode.
console.warn: SearchSettings: "get: No settings file exists, new profile?" (new Error("", "(unknown module)"))
1617956418745	Marionette	INFO	Listening on port 61261
1617956418832	Marionette	WARN	TLS certificate errors will be ignored for this session
console.log: WebExtensions: reset-default-search: No addons in our list are installed.
1617957140603	geckodriver	INFO	Listening on 127.0.0.1:62430
1617957141620	mozrunner::runner	INFO	Running command: "/Applications/Firefox.app/Contents/MacOS/firefox-bin" "--marionette" "-headless" "-foreground" "-no-remote" "-profile" "/var/folders/4d/b2pm5p712j1fsv4x67rnh7780000gn/T/rust_mozprofilew2s8uZ"
*** You are running in headless mode.
console.warn: SearchSettings: "get: No settings file exists, new profile?" (new Error("", "(unknown module)"))
1617957143932	Marionette	INFO	Listening on port 62437
1617957144021	Marionette	WARN	TLS certificate errors will be ignored for this session
console.log: WebExtensions: reset-default-search: No addons in our list are installed.
1617958022760	geckodriver	INFO	Listening on 127.0.0.1:63509
1617958023781	mozrunner::runner	INFO	Running command: "/Applications/Firefox.app/Contents/MacOS/firefox-bin" "--marionette" "-headless" "-foreground" "-no-remote" "-profile" "/var/folders/4d/b2pm5p712j1fsv4x67rnh7780000gn/T/rust_mozprofile1ySolG"
*** You are running in headless mode.
console.warn: SearchSettings: "get: No settings file exists, new profile?" (new Error("", "(unknown module)"))
1617958026104	Marionette	INFO	Listening on port 63516
1617958026189	Marionette	WARN	TLS certificate errors will be ignored for this session
1617958042166	geckodriver	INFO	Listening on 127.0.0.1:63578
1617958042173	mozrunner::runner	INFO	Running command: "/Applications/Firefox.app/Contents/MacOS/firefox-bin" "--marionette" "-headless" "-foreground" "-no-remote" "-profile" "/var/folders/4d/b2pm5p712j1fsv4x67rnh7780000gn/T/rust_mozprofilepH9F0G"
*** You are running in headless mode.
console.warn: SearchSettings: "get: No settings file exists, new profile?" (new Error("", "(unknown module)"))
1617958044418	Marionette	INFO	Listening on port 63583
1617958044488	Marionette	WARN	TLS certificate errors will be ignored for this session
1617958091905	geckodriver	INFO	Listening on 127.0.0.1:63670
1617958092921	mozrunner::runner	INFO	Running command: "/Applications/Firefox.app/Contents/MacOS/firefox-bin" "--marionette" "-headless" "-foreground" "-no-remote" "-profile" "/var/folders/4d/b2pm5p712j1fsv4x67rnh7780000gn/T/rust_mozprofileD3GXRn"
*** You are running in headless mode.
console.warn: SearchSettings: "get: No settings file exists, new profile?" (new Error("", "(unknown module)"))
1617958095314	Marionette	INFO	Listening on port 63678
1617958095333	Marionette	WARN	TLS certificate errors will be ignored for this session
1617958148665	geckodriver	INFO	Listening on 127.0.0.1:63789
1617958149686	mozrunner::runner	INFO	Running command: "/Applications/Firefox.app/Contents/MacOS/firefox-bin" "--marionette" "-headless" "-foreground" "-no-remote" "-profile" "/var/folders/4d/b2pm5p712j1fsv4x67rnh7780000gn/T/rust_mozprofileFMkT9l"
*** You are running in headless mode.
console.warn: SearchSettings: "get: No settings file exists, new profile?" (new Error("", "(unknown module)"))
1617958152262	Marionette	INFO	Listening on port 63796
1617958152301	Marionette	WARN	TLS certificate errors will be ignored for this session
1617958200253	geckodriver	INFO	Listening on 127.0.0.1:63884
1617958200260	mozrunner::runner	INFO	Running command: "/Applications/Firefox.app/Contents/MacOS/firefox-bin" "--marionette" "-headless" "-foreground" "-no-remote" "-profile" "/var/folders/4d/b2pm5p712j1fsv4x67rnh7780000gn/T/rust_mozprofile2W4ams"
*** You are running in headless mode.
console.warn: SearchSettings: "get: No settings file exists, new profile?" (new Error("", "(unknown module)"))
1617958202668	Marionette	INFO	Listening on port 63889
1617958202745	Marionette	WARN	TLS certificate errors will be ignored for this session
1617958326723	geckodriver	INFO	Listening on 127.0.0.1:64007
1617958327744	mozrunner::runner	INFO	Running command: "/Applications/Firefox.app/Contents/MacOS/firefox-bin" "--marionette" "-headless" "-foreground" "-no-remote" "-profile" "/var/folders/4d/b2pm5p712j1fsv4x67rnh7780000gn/T/rust_mozprofile1lT7t9"
*** You are running in headless mode.
console.warn: SearchSettings: "get: No settings file exists, new profile?" (new Error("", "(unknown module)"))
1617958330387	Marionette	INFO	Listening on port 64014
1617958330474	Marionette	WARN	TLS certificate errors will be ignored for this session
Exiting due to channel error.
[GFX1-]: Receive IPC close with reason=AbnormalShutdown
Exiting due to channel error.
Exiting due to channel error.
1617958356194	geckodriver	INFO	Listening on 127.0.0.1:64089
1617958357213	mozrunner::runner	INFO	Running command: "/Applications/Firefox.app/Contents/MacOS/firefox-bin" "--marionette" "-headless" "-foreground" "-no-remote" "-profile" "/var/folders/4d/b2pm5p712j1fsv4x67rnh7780000gn/T/rust_mozprofile0mVQM2"
*** You are running in headless mode.
console.warn: SearchSettings: "get: No settings file exists, new profile?" (new Error("", "(unknown module)"))
1617958359579	Marionette	INFO	Listening on port 64096
1617958359627	Marionette	WARN	TLS certificate errors will be ignored for this session
console.log: WebExtensions: reset-default-search: No addons in our list are installed.
console.log: WebExtensions: reset-default-search: No addons in our list are installed.
console.log: WebExtensions: reset-default-search: No addons in our list are installed.
console.log: WebExtensions: reset-default-search: No addons in our list are installed.
console.log: WebExtensions: reset-default-search: No addons in our list are installed.
console.log: WebExtensions: reset-default-search: No addons in our list are installed.
1617960370896	geckodriver	INFO	Listening on 127.0.0.1:65420
1617960371915	mozrunner::runner	INFO	Running command: "/Applications/Firefox.app/Contents/MacOS/firefox-bin" "--marionette" "-headless" "-foreground" "-no-remote" "-profile" "/var/folders/4d/b2pm5p712j1fsv4x67rnh7780000gn/T/rust_mozprofileYPBveb"
*** You are running in headless mode.
console.warn: SearchSettings: "get: No settings file exists, new profile?" (new Error("", "(unknown module)"))
1617960374840	Marionette	INFO	Listening on port 65427
1617960374934	Marionette	WARN	TLS certificate errors will be ignored for this session
1617960400518	geckodriver	INFO	Listening on 127.0.0.1:65495
1617960401540	mozrunner::runner	INFO	Running command: "/Applications/Firefox.app/Contents/MacOS/firefox-bin" "--marionette" "-headless" "-foreground" "-no-remote" "-profile" "/var/folders/4d/b2pm5p712j1fsv4x67rnh7780000gn/T/rust_mozprofileSQHmGM"
*** You are running in headless mode.
console.warn: SearchSettings: "get: No settings file exists, new profile?" (new Error("", "(unknown module)"))
1617960404051	Marionette	INFO	Listening on port 65502
1617960404162	Marionette	WARN	TLS certificate errors will be ignored for this session
1617960551385	geckodriver	INFO	Listening on 127.0.0.1:49224
1617960552404	mozrunner::runner	INFO	Running command: "/Applications/Firefox.app/Contents/MacOS/firefox-bin" "--marionette" "-headless" "-foreground" "-no-remote" "-profile" "/var/folders/4d/b2pm5p712j1fsv4x67rnh7780000gn/T/rust_mozprofilejYoIWl"
*** You are running in headless mode.
console.warn: SearchSettings: "get: No settings file exists, new profile?" (new Error("", "(unknown module)"))
1617960554892	Marionette	INFO	Listening on port 49231
1617960554922	Marionette	WARN	TLS certificate errors will be ignored for this session
1617960750517	geckodriver	INFO	Listening on 127.0.0.1:49335
1617960751535	mozrunner::runner	INFO	Running command: "/Applications/Firefox.app/Contents/MacOS/firefox-bin" "--marionette" "-headless" "-foreground" "-no-remote" "-profile" "/var/folders/4d/b2pm5p712j1fsv4x67rnh7780000gn/T/rust_mozprofile4AmcnC"
*** You are running in headless mode.
console.warn: SearchSettings: "get: No settings file exists, new profile?" (new Error("", "(unknown module)"))
1617960754034	Marionette	INFO	Listening on port 49342
1617960754147	Marionette	WARN	TLS certificate errors will be ignored for this session
1617960871843	geckodriver	INFO	Listening on 127.0.0.1:49467
1617960872862	mozrunner::runner	INFO	Running command: "/Applications/Firefox.app/Contents/MacOS/firefox-bin" "--marionette" "-headless" "-foreground" "-no-remote" "-profile" "/var/folders/4d/b2pm5p712j1fsv4x67rnh7780000gn/T/rust_mozprofileu2rlwm"
*** You are running in headless mode.
console.warn: SearchSettings: "get: No settings file exists, new profile?" (new Error("", "(unknown module)"))
1617960875440	Marionette	INFO	Listening on port 49475
1617960875466	Marionette	WARN	TLS certificate errors will be ignored for this session
console.log: WebExtensions: reset-default-search: No addons in our list are installed.
1617960909435	geckodriver	INFO	Listening on 127.0.0.1:49581
1617960910456	mozrunner::runner	INFO	Running command: "/Applications/Firefox.app/Contents/MacOS/firefox-bin" "--marionette" "-headless" "-foreground" "-no-remote" "-profile" "/var/folders/4d/b2pm5p712j1fsv4x67rnh7780000gn/T/rust_mozprofilefoSnLl"
*** You are running in headless mode.
console.warn: SearchSettings: "get: No settings file exists, new profile?" (new Error("", "(unknown module)"))
console.log: WebExtensions: reset-default-search: No addons in our list are installed.
1617960913086	Marionette	INFO	Listening on port 49588
1617960913185	Marionette	WARN	TLS certificate errors will be ignored for this session
1617960919502	Marionette	INFO	Stopped listening on port 49588
console.log: WebExtensions: reset-default-search: No addons in our list are installed.
console.log: WebExtensions: reset-default-search: No addons in our list are installed.
console.log: WebExtensions: reset-default-search: No addons in our list are installed.
